image,source
000001.jpg,https://images2.minutemediacdn.com/image/upload/c_fill,g_auto,h_1248,w_2220/v1555339801/shape/mentalfloss/abyssinianhed.png
000002.jpg,https://cdn1-www.cattime.com/assets/uploads/gallery/abyssinian-cats-and-kittens/abyssinian-1.jpg
000003.jpg,https://www.purina.co.uk/sites/g/files/mcldtz2481/files/styles/nppe_breed_selector_500/public/breed_library/cat_abyssinian.jpg
000004.jpg,https://upload.wikimedia.org/wikipedia/commons/9/9b/Gustav_chocolate.jpg
000005.jpg,https://www.purina.com.au/-/media/Project/Purina/Main/Breeds/Cat/Cat_Abyssinian_Desktop.jpg
000006.jpg,https://icatcare.org/app/uploads/2018/09/Abyssinian.png
000007.jpg,https://cdn.britannica.com/25/7125-050-67ACEC3C/Abyssinian-sorrel.jpg
000008.jpg,https://www.catster.com/wp-content/uploads/2018/03/Abyssinian-close-up-on-blue-backdrop.jpg
000009.jpg,https://i.pinimg.com/originals/45/01/56/45015612c6ef939020a6f4fec7edb36f.jpg
000010.jpg,https://d17fnq9dkz9hgj.cloudfront.net/breed-uploads/2018/08/abyssinian-card-small.jpg
000011.jpg,https://www.holidogtimes.com/wp-content/uploads/2018/02/chat-abyssin-fi.png
000012.jpg,https://i.pinimg.com/564x/23/78/95/2378956899ae4b436a10be604f59c9ab.jpg
000013.jpg,https://www.purina.co.uk/sites/g/files/mcldtz2481/files/styles/nppe_breed_selector_og_image/public/breed_library/cat_abyssinian.jpg
000014.jpg,http://www.pethealthnetwork.com/sites/default/files/styles/large/public/the-abyssinian.jpg
000015.jpg,https://figopetinsurance.com/sites/default/files/styles/blog_detail/public/imagecatssmall-abyssinian-cat-breedblog.jpg
000016.jpg,https://www.pet365.co.uk/blog/wp-content/uploads/AbyssinianCat.jpg
000017.jpg,https://www.scvgie.com/sites/default/files/styles/large/adaptive-image/public/abyssinian-cat-breed-info.jpg
000018.jpg,https://cf.ltkcdn.net/cats/images/orig/225763-2121x1414-Abyssinian-cat.jpg
000019.jpg,https://images.ctfassets.net/440y9b545yd9/3zTdaHf2rAoFuhsBfyU276/b050a2b95ae2d149375d34606f1a26fd/Abyssinian-cats__1_.png
000020.jpg,https://fishsubsidy.org/wp-content/uploads/2020/01/abyssinian-cats.jpg
000021.jpg,https://www.hillspet.com/content/dam/cp-sites/hills/hills-pet/en_us/img/breeds/abyssinian-on-scratch-post.jpg
000022.jpg,https://catunited.com/wp-content/uploads/2020/03/1-3.png
000023.jpg,https://i.pinimg.com/originals/4d/9b/06/4d9b06aa653b75d719e35086b9aa885c.jpg
000024.jpg,https://meethepet.com/wp-content/uploads/2019/05/NsrHkltJ01I.jpg
000025.jpg,https://www.thehappycatsite.com/wp-content/uploads/2018/12/abyssinian-cat-vs-somali-long.jpg
000026.jpg,http://pets4life.com.au/wp-content/uploads/2017/11/shutterstock_427798186.jpg
000027.jpg,https://www.rover.com/blog/wp-content/uploads/2019/07/two-abyssinian-cats-1-960x540.jpg
000028.jpg,https://s3.amazonaws.com/petcentral.com/wp-content/uploads/2019/10/24161639/abyssinian-cat-card.jpg
000029.jpg,https://meowtel.com/img/cats/740x380/abyssinian.jpg
000030.jpg,https://indulgeyourpet.com/wp-content/uploads/Abyssinian-Kitten.png
000031.jpg,https://www.catological.com/wp-content/uploads/2017/03/abyssiniancatfacts-908x510.jpg
000032.jpg,https://cat-world.com/wp-content/uploads/2019/08/beautiful-cat37-1.jpg
000033.jpg,https://t1.ea.ltmcdn.com/en/razas/7/8/1/img_187_abyssinian_0_600.jpg
000034.jpg,https://allaboutcats.com/wp-content/uploads/2017/08/Abyssinians-Cats1.jpg
000035.jpg,https://felinefollower.com/wp-content/uploads/2018/06/FF0097-what-does-an-abyssinian-cat-eat_B4eoiiWvzG_400x267.jpg
000036.jpg,https://fluffyplanet.com/wp-content/uploads/2019/03/shutterstock_602407106-e1555089992204.jpg
000037.jpg,https://dnl7t01l0fo05.cloudfront.net/fr/wp-content/uploads/sites/2/2018/01/chat-abyssin.png
000038.jpg,https://geniusvets.s3.amazonaws.com/gv-cat-breeds/Abyssinian-1.jpg
000039.jpg,https://www.thehappycatsite.com/wp-content/uploads/2018/02/abyssinian-cat-names-header.jpg
000040.jpg,https://bowwowinsurance.com.au/wp-content/uploads/2019/05/abyssinian-cat-lying-inside-pet-insurance-for-abyssinian-cats-bow-wow-meow.jpg
000041.jpg,https://fluffyplanet.com/wp-content/uploads/2019/04/shutterstock_1061692328-e1556441556703.jpg
000042.jpg,http://magarticles.magzter.com/articles/6054/262841/5a7061df3c533/Abyssinian-Cat-Breed-Profile.jpg
000043.jpg,https://thedutifulcat.com/wp-content/uploads/2018/08/The-Abyssinian-Cat-Breed-Image.jpg
000044.jpg,https://cdn.shopify.com/s/files/1/1834/9585/files/198-2-abyssinian.jpg
000045.jpg,https://i.ytimg.com/vi/rpYfV4BQKLI/maxresdefault.jpg
000046.jpg,https://www.petful.com/wp-content/uploads/2013/12/Abyssinian-1-750x398.jpg
000047.jpg,http://exotichousecat.com/wp-content/uploads/2019/03/Abyssinian-mom-cat-and-kitten.jpg
000048.jpg,https://www.guildinsurance.com.au/images/librariesprovider3/breed-images/500x500/cat_abyssinian.jpg
000049.jpg,http://cdn.shopify.com/s/files/1/1834/9585/articles/198-1-abyssinian_1024x1024.jpg
000050.jpg,https://s3.amazonaws.com/bpwp/wp-content/uploads/2019/10/13171036/00-10.jpg
000051.jpg,https://www.yourcat.co.uk/images/legacy/catimages/Breed_Aby/abykitten.jpg
000052.jpg,https://c8.alamy.com/comp/B2GEMR/abyssinian-cat-B2GEMR.jpg
000053.jpg,https://www.pinkvilla.com/files/abyssinian_to_bengal_5_most_intelligent_cat_breeds_to_have_as_pets.jpg
000054.jpg,https://i.pinimg.com/originals/f6/20/ea/f620ea95a2ccce1a74539ddfb0c7321b.jpg
000055.jpg,https://azure.wgp-cdn.co.uk/app-yourcat/posts/abyssinian-1.jpg
000056.jpg,https://catzinc.org/wp-content/uploads/2018/09/abyssinian-1.jpg
000057.jpg,https://mlo1wbhvgmgt.i.optimole.com/uzYglTk-C4JHuIjD/w:870/h:460/q:auto/https://pethero.co.za/wp-content/uploads/2015/09/2015-09-17_Cat_Abyssinian.jpg
000058.jpg,https://cdn.pixabay.com/photo/2017/09/16/01/38/abyssinian-cat-2754332__340.jpg
000059.jpg,http://3.bp.blogspot.com/-zO14HmHLjVE/UWyk2pCJp4I/AAAAAAAAAkU/OZkWUZB5Ulw/s640/Description+of+Abyssinian+Cats,++cat,+pets,+pet,.jpg
000060.jpg,https://www.mondou.com/media/e31ea4f3-dd86-4ebe-904a-ef89a5de32be/DLqM3A/Conseil/Guide/Races-chat/abyssin-somali/CO_Abyssin_sans_texte_780x340.jpg
000061.jpg,https://cfa.org/wp-content/uploads/2019/06/2013-C16-400x316.jpg
000062.jpg,https://pictures-of-cats.org/wp-content/uploads/2020/05/AbbyA-1280x720.jpg
000063.jpg,http://www.abyssinianbc.org/images/BOB/1718Aby02.jpg
000064.jpg,https://www.mypetneedsthat.com/wp-content/uploads/2019/09/Abyssinian-Cat-1068x346.jpg
000065.jpg,http://3.bp.blogspot.com/-5LtG6TmQ4Dg/UZvumcBasiI/AAAAAAAAAis/_fUodBtJGS4/s1600/26bc9a7315d439feb4cc76577d9a66d5.jpg
000066.jpg,https://www.cattamboo.com/wp-content/uploads/2013/05/abyssinian-cat.jpg
000067.jpg,https://c8.alamy.com/comp/HN9N48/portrait-of-beautiful-young-abyssinian-cat-close-up-of-red-cat-isolated-HN9N48.jpg
000068.jpg,http://www.abisinke.rs/Images/Abisinke_4.jpg
000069.jpg,https://2.bp.blogspot.com/-aYJTZ4SWqi0/WsMQ0XXI4sI/AAAAAAAAAkQ/qqsRngrhi7wqVNQPXyV720KNefQqsGLcACLcBGAs/s1600/facts-about-abyssinian-cats-1.png
000070.jpg,http://2.bp.blogspot.com/-Kg0lXIIVmpY/UYOS5dq1YnI/AAAAAAAAAy8/MlCuxQM5UaA/s1600/abyssinian+cat.jpg
000071.jpg,https://bestofmycat.com/wp-content/uploads/2020/02/abyssinian-cat.png
000072.jpg,https://cdn11.bigcommerce.com/s-4sdjwgussa/images/stencil/original/a/abyssinian-cat-wellness-health-nutrition__13592_category_category.original.jpg
000073.jpg,https://petpricelist.com/wp-content/uploads/2017/11/abyssinian-cat-3.jpg
000074.jpg,https://previews.123rf.com/images/roxichka25/roxichka251205/roxichka25120500034/13836931-abyssinian-cat.jpg
000075.jpg,https://fluffyplanet.com/wp-content/uploads/2019/03/shutterstock_403379941-e1555090012799.jpg
000076.jpg,https://www.catbreedslist.com/uploads/allimg/cat-pictures/Abyssinian-2.jpg
000077.jpg,https://kittentoob.com/wp-content/uploads/2017/03/Abyssinian-Cat.jpg
000078.jpg,https://www.catster.com/wp-content/uploads/2018/03/Abyssinian-on-colorful-backdrop.jpg
000079.jpg,https://img.thrfun.com/img/024/224/abyssinian_x2.jpg
000080.jpg,http://1.bp.blogspot.com/_HC_iJORcmts/TE4pcvFCPvI/AAAAAAAABMc/cmmnvdslE8I/s1600/honeynose.jpg
000081.jpg,https://www.catster.com/wp-content/uploads/2018/03/Abyssinian-close-up-on-blue-backdrop.jpg
000082.jpg,https://www.thehappycatsite.com/wp-content/uploads/2018/02/abyssinian-cat-names-2.jpg
000083.jpg,http://2.bp.blogspot.com/-_2mQuei874Q/T56QvSxgkHI/AAAAAAAAAi0/W6A2eItyA5g/s1600/abyssinian-cat.jpg
000084.jpg,https://vetstreet-brightspot.s3.amazonaws.com/66/c2/d4e5de1845fbacc79b38a61d21a4/Abyssinian-AP-0J2OVG-645sm3614.jpg
000085.jpg,https://www.purina.co.uk/sites/g/files/mcldtz2481/files/styles/nppe_breed_selector_og_image/public/breed_library/cat_abyssinian.jpg
000086.jpg,http://cdn3-www.cattime.com/assets/uploads/gallery/abyssinian-cats-and-kittens/abyssinian-1.jpg
000087.jpg,https://adelaidevet.com.au/sites/default/files/styles/large/public/images/article/abyssinian_0.jpg
000088.jpg,http://3.bp.blogspot.com/-SMp0RHXwbC4/Tx73EVxXN2I/AAAAAAAAFMo/7Zwd1pS2fqI/s1600/Abyssinian+Cat+Breed++%252817%2529.jpg
000089.jpg,https://cdn3-www.cattime.com/assets/uploads/2011/12/file_2678_Abyssinian-cat-breed-300x189.jpg
000090.jpg,http://4.bp.blogspot.com/-cvi1Foo8Gag/UTdHQ5PLJeI/AAAAAAAABS4/viKbsu1KMQ0/s1600/cute+cats+Abyssinian+cat.jpg
000091.jpg,http://www.cat-breeds.com/wp-content/uploads/Abyssinian-Cat.jpg
000092.jpg,http://www.catsofaustralia.com/images/abyssinian-cat-osirus5.jpg
000093.jpg,https://pictures-of-cats.org/wp-content/uploads/2015/01/abyssinian-cat-rudi.jpg
000094.jpg,https://s-media-cache-ak0.pinimg.com/736x/2c/53/f3/2c53f316cde86750b7109b273083941a.jpg
000095.jpg,https://www.petful.com/wp-content/uploads/2013/12/Abyssinian-2-750x394.jpg
000096.jpg,https://i.ytimg.com/vi/hXnnrEL2Qqc/maxresdefault.jpg
000097.jpg,http://i.imgur.com/LoMOLPj.jpg
000098.jpg,http://2.bp.blogspot.com/-4fHesacDL8Y/TlgQ3ReSv2I/AAAAAAAAAe4/gg8MpFkNcrM/s1600/Abyssinian%2Bkittens%2BPhotography%2B%25287%2529.jpg
000099.jpg,https://i.pinimg.com/originals/31/3a/77/313a77f82c54a5d8346b2998ce5e19cb.jpg
000100.jpg,http://proxvost.info/ln/en/short-haired/photo/abyssinian/abyssinian_cat_s6.jpg
000101.jpg,https://i.pinimg.com/originals/6f/fc/c1/6ffcc1e5a7b9b7ba9059dff0f70a39fd.jpg
000102.jpg,http://2.bp.blogspot.com/-5Eybk8EMuGQ/TlgQ35skC9I/AAAAAAAAAfI/UhtBGPaYcyc/s1600/Abyssinian%2Bkittens%2BPhotography%2B%25289%2529.jpg
000103.jpg,http://4.bp.blogspot.com/-aKtTtq8zSuM/Tx73iZfL_aI/AAAAAAAAFNo/V-5ZescUEt8/s1600/Abyssinian+Cat+Breed++%252825%2529.jpg
000104.jpg,https://www.almrsal.com/wp-content/uploads/2013/07/chatdor-abyssinian-cat.jpg
000105.jpg,http://3.bp.blogspot.com/-4PwYXZtNrSQ/T0ejmhu9a-I/AAAAAAAAHiw/-0P84bSiraQ/s1600/Abyssinian+cat.jpg
000106.jpg,http://3.bp.blogspot.com/-3V64W2IQyKY/TZXpGur962I/AAAAAAAAGVc/XSdRReGSMLY/s1600/Red%2BAby%2B11.jpg
000107.jpg,http://static.wixstatic.com/media/a61948_75f00b122fc04285ae8cc28f76287a4e.jpg
000108.jpg,http://3.bp.blogspot.com/-ihYGhUgD5Tg/TZdCgAB5dqI/AAAAAAAAGiE/DyMM8ljZBrU/s1600/Black%2BAby%2B3.jpg
000109.jpg,https://t2.ea.ltmcdn.com/en/razas/7/8/1/img_187_abyssinian_4_orig.jpg
000110.jpg,http://2.bp.blogspot.com/-bIrnkXt8F4E/TZdBSwDVYYI/AAAAAAAAGhE/lkiLwTEK0B4/s400/Black%2BAby%2B11.jpg
000111.jpg,https://thumbs.dreamstime.com/b/angry-ruddy-abyssinian-cat-dark-green-background-58543076.jpg
000112.jpg,http://www.abyssinian-cat.co.uk/images/bv01085.jpg
000113.jpg,http://img.thrfun.com/img/017/875/abyssinian_m1.jpg
000114.jpg,https://thumbs.dreamstime.com/z/beautiful-abyssinian-cat-sorrel-color-white-background-34849962.jpg
000115.jpg,https://d2gg9evh47fn9z.cloudfront.net/800px_COLOURBOX4161856.jpg
000116.jpg,http://thumbs.dreamstime.com/z/abyssinian-cat-25501494.jpg
000117.jpg,https://thumbs.dreamstime.com/z/abyssinian-cat-21366796.jpg
000118.jpg,http://www.malaysiacatclub.com/breeds/Abyssinian1.jpg
000119.jpg,https://s-media-cache-ak0.pinimg.com/236x/2a/b2/ce/2ab2ce41fefc665269ef34d3f6f6b317.jpg
000120.jpg,https://i.ytimg.com/vi/IX5WArcS9zc/hqdefault.jpg
000121.jpg,https://68.media.tumblr.com/f4ea032f46fcd6fc2e27e728a2fdb888/tumblr_mu8cg82R2d1rc794ko1_500.jpg
000122.jpg,http://2.bp.blogspot.com/_MfKprGtDY9M/Rr3NSLVibZI/AAAAAAAAAo8/g0GKfEg5sFU/s320/AbyssinianKitten5.jpg
000123.jpg,https://www.askideas.com/media/17/New-Born-Cute-Abyssinian-Kittens.jpg
000124.jpg,http://i1.ytimg.com/vi/7jZ9CGARwEs/hqdefault.jpg
000125.jpg,https://c1.staticflickr.com/5/4053/4589802068_63b3c8e864_z.jpg
000126.jpg,http://2.bp.blogspot.com/-LhTZwOUbmtY/TlEwu0wLG3I/AAAAAAAAABw/Nx7VlSgKwMc/w1200-h630-p-nu/abyssinian-3.jpg
000127.jpg,http://2.bp.blogspot.com/-Kg0lXIIVmpY/UYOS5dq1YnI/AAAAAAAAAy8/MlCuxQM5UaA/w1200-h630-p-k-nu/abyssinian+cat.jpg
000128.jpg,https://i.pinimg.com/736x/bf/c4/2d/bfc42d56c4f1ba46e5ea4188c7aac84f--somali-abyssinian-cat.jpg
000129.jpg,http://2.bp.blogspot.com/_if-mbCZlM78/Sqyx0OZbG_I/AAAAAAAAAMg/1VLGV8apqLA/s400/abyssinian-kitten.jpg
000130.jpg,http://media-cache-ec0.pinimg.com/736x/60/84/96/60849673d6a97ca5e9383f4dda1b832e.jpg
000131.jpg,https://68.media.tumblr.com/tumblr_lwdsto2iJl1r189uao1_500.jpg
000132.jpg,https://68.media.tumblr.com/tumblr_lvn8m2S4rf1r72z7so1_400.jpg
000133.jpg,https://www.wallpapers4u.org/wp-content/uploads/cat_young_lie_rest_39878_1920x1080.jpg
000134.jpg,https://68.media.tumblr.com/tumblr_lwdsu1npH01r189uao1_500.jpg
000135.jpg,https://68.media.tumblr.com/tumblr_lzyqyvAr7H1ql6acdo1_500.jpg
000136.jpg,https://s-media-cache-ak0.pinimg.com/736x/5a/2c/5c/5a2c5c2942e9d0a1c06db1590f4033f2.jpg
000137.jpg,https://i.pinimg.com/736x/aa/37/ca/aa37ca13d0a480531b61e9004fa8b451--abyssinian-kittens-cat-s.jpg
000138.jpg,https://i.pinimg.com/736x/e5/d0/78/e5d07819617ec3802ef305b2ea5d5953--dali-abyssinian-cat.jpg
000139.jpg,https://t2.ea.ltmcdn.com/en/razas/7/8/1/img_187_abyssinian_8_150_square.jpg
000140.jpg,https://thumbs.dreamstime.com/z/abyssinian-cat-isolated-10647496.jpg
000141.jpg,https://thumbs.dreamstime.com/b/cat-abyssinian-cartoon-vector-illustration-animal-character-eps-file-format-71744534.jpg
000142.jpg,https://i.pinimg.com/originals/8e/62/0d/8e620d26419e5451dcae19a320604260.jpg
000143.jpg,https://i3.wp.com/www.mascotarios.org/wp-content/uploads/2011/06/abisinio.jpg
000144.jpg,https://68.media.tumblr.com/tumblr_m7mhjn1P781qf6nh0o1_500.jpg
000145.jpg,http://farm3.staticflickr.com/2282/2321023292_9074f5c50a_z.jpg
000146.jpg,https://s-media-cache-ak0.pinimg.com/236x/60/ee/ff/60eeff1ad0d13a74d721ac92769ee57c.jpg
000147.jpg,https://thumbs.dreamstime.com/b/cat-abyssinian-content-stroking-107957711.jpg
000148.jpg,https://68.media.tumblr.com/3deebf7a0399c6075a096716b3c7d049/tumblr_ncz8fchB3Q1qe5yioo1_400.jpg
000149.jpg,https://s-media-cache-ak0.pinimg.com/236x/52/40/e4/5240e488e813227e09b2bae2d485f44d.jpg
000150.jpg,http://images1.nicepetsincanada.com/nlarge/abyssinian-kittens_3243581.jpg
000151.jpg,https://static3.depositphotos.com/1000958/122/i/450/depositphotos_1228343-stock-photo-abyssinian-cat.jpg
000152.jpg,https://render.fineartamerica.com/images/images-profile-flow/350/images/artworkimages/medium/2/abyssinian-cat-dragica-micki-fortuna.jpg
000153.jpg,http://4.bp.blogspot.com/-1FmcfnE3TVE/TZMFgL7iI4I/AAAAAAAAGME/fiUD-jPOhZM/s400/Aby%2BColors.jpg
000154.jpg,http://4.bp.blogspot.com/-1IIhELgKGIw/T3W-NLD3ncI/AAAAAAAAHeY/1Fvpv7O7LkU/s400/abyssinian-cat.jpg
000155.jpg,https://pbs.twimg.com/media/DgdEDwsXkAIM-Pr.jpg
000156.jpg,https://68.media.tumblr.com/6d3d0155256858fa40c1869d992a2e7a/tumblr_nxpr1buKDm1qzbx0zo1_500.jpg
000157.jpg,https://s-media-cache-ak0.pinimg.com/originals/5b/af/4b/5baf4b32155cdb76fe41561901d87727.jpg
000158.jpg,https://s-media-cache-ak0.pinimg.com/236x/66/de/1a/66de1a5610627256b668f153fb30f4f4.jpg
000159.jpg,https://68.media.tumblr.com/85c2d77fc68d45004359a5b89686495c/tumblr_nwr0j3IsfW1uynlw8o1_500.jpg
000160.jpg,https://www.mysticstamp.com/pictures/stamps_default/USA-2373.jpg
000161.jpg,https://petsfeed.co/wp-content/uploads/2020/09/Cat-Breeds-Abyssinian-1024x538.jpg
000162.jpg,https://www.demilked.com/magazine/wp-content/uploads/2020/09/5f4f4361d391d-cat-breeds-omg-meow4-5f4cc465df16f__700.jpg
000163.jpg,https://www.demilked.com/magazine/wp-content/uploads/2020/09/5f4f4361ba1a0-cat-breeds-omg-meow39-5f4cc49bc5adb__700.jpg
000164.jpg,http://www.zastavki.com/pictures/originals/2017Drawn_wallpapers_Painted_cute_kitten_with_big_eyes_on_a_white_background_118264_.jpg
000165.jpg,https://www.demilked.com/magazine/wp-content/uploads/2020/09/5f4f4361c70c8-cat-breeds-omg-meow2-5f4cc462b2765__700.jpg
000166.jpg,https://www.demilked.com/magazine/wp-content/uploads/2020/09/5f4f4361a2bf1-cat-breeds-omg-meow11-5f4cc47177951__700.jpg
000167.jpg,https://petsfeed.co/wp-content/uploads/2020/09/Cat-Breeds-American-Wirehair-1024x538.jpg
000168.jpg,https://adearisandi.files.wordpress.com/2012/03/abyssinian-cat.jpg
000169.jpg,https://petsfeed.co/wp-content/uploads/2020/09/Cat-Breeds-Selkirk-Rex-1024x538.jpg
000170.jpg,https://petsfeed.co/wp-content/uploads/2020/09/Cat-Breeds-manx-1024x538.jpg
000171.jpg,https://petsfeed.co/wp-content/uploads/2020/09/Cat-Breeds-Sphynx-1024x538.jpg
000172.jpg,https://petsfeed.co/wp-content/uploads/2020/09/Cat-Breeds-Norwegian-Forest-Cat-1024x538.jpg
000173.jpg,http://www.kintraks.com/backgrounds/images/Cat%20-%20Abyssinian%2001.jpg
000174.jpg,https://images.squarespace-cdn.com/content/v1/5e8a2944d7ce562e250eb009/1598986013162-P8UF2FBXO6XEXN7XT5GW/ke17ZwdGBToddI8pDm48kMtiXMEMZ8ID8MVhA-T_Qc9Zw-zPPgdn4jUwVcJE1ZvWQUxwkmyExglNqGp0IvTJZamWLI2zvYWH8K3-s_4yszcp2ryTI0HqTOaaUohrI8PIfy9uRsqnknGrsPwiW8VdnsJxMq6FvgYbxptNsO-6IOIKMshLAGzx4R3EDFOm1kBS/two+many+legs.jpg
000175.jpg,https://thenationalmouseclub.co.uk/wp-content/uploads/2019/03/IMG_4925-1080x675.jpg
000176.jpg,https://www.worldkittens.com/images/cats/kitten6090.jpg
000177.jpg,https://st4.depositphotos.com/18428194/29638/i/1600/depositphotos_296389280-stock-photo-ginger-cat-lies-on-a.jpg
000178.jpg,https://www.lifeadvancer.com/wp-content/uploads/2020/08/Bengal-Cat.jpg
000179.jpg,https://www.mysticstamp.com/pictures/stamps_small/312868.jpg
000180.jpg,https://st4.depositphotos.com/6125608/30485/i/1600/depositphotos_304850842-stock-photo-close-up-of-a-sad.jpg
000181.jpg,https://gokitty.com/uploads/kitten_photo/medium/5f4e30f2a0683-0-04-01-822ff351319bd3008c86c094865a6b7b0e732ae9dab24cfea9e36c5fc2fcd9f9_fa8f1fd5.jpg
000182.jpg,https://gokitty.com/uploads/kitten_photo/medium/5f514c0e6c5a2-0-04-01-86fbdac03d443f120c4c21558e378b49627a4fbfc6b8d99d925be13ca88095a7_19dc4dcb.jpg
000183.jpg,https://www.petlebi.com/up/adopt/md_264665_1599291661_4867.jpg
000184.jpg,https://gokitty.com/uploads/kitten_photo/medium/5f5149563f590-0-04-01-0aa2875ad9933f42f25438d1354e64895f456b9b5dacb4979d3feabceaf6ed70_7d5f4f42.jpg
