image,source
000001.jpg,https://vetstreet-brightspot.s3.amazonaws.com/56/92a390a27c11e087a80050568d634f/file/American-Shorthair-2-645mk062211.jpg
000002.jpg,https://www.zooplus.co.uk/magazine/wp-content/uploads/2020/02/American-Shorthair-Cat.jpg
000003.jpg,https://icatcare.org/app/uploads/2018/09/American-shorthair.png
000004.jpg,https://i.pinimg.com/originals/c6/0c/38/c60c381fc0c30aac93839da0b2c20003.jpg
000005.jpg,https://www.prestigeanimalhospital.com/sites/default/files/styles/large/adaptive-image/public/american-shorthair-cat-breed-info.jpg
000006.jpg,https://fluffyplanet.com/wp-content/uploads/2019/03/shutterstock_693374440-e1555089629661.jpg
000007.jpg,https://d17fnq9dkz9hgj.cloudfront.net/breed-uploads/2018/08/american-shorthair-detail.jpg
000008.jpg,https://petcentral.chewy.com/wp-content/uploads/American-Shorthair-1-1-940x494.jpg
000009.jpg,https://fluffyplanet.com/wp-content/uploads/2019/03/shutterstock_230479120-e1555089879449.jpg
000010.jpg,https://trupanion.com/-/media/trupanion/images/breed--guide--new/american--shorthair--cat/american-shorthair-cat.jpg
000011.jpg,https://i.pinimg.com/originals/40/43/4f/40434fc577a15bba76964a3adef2234f.jpg
000012.jpg,https://images.homedepot-static.com/productImages/3b4d53d4-f002-4a66-8102-bd5794c9f704/svn/hi-line-gift-garden-statues-87757-h-64_1000.jpg
000013.jpg,https://www.catbreedslist.com/uploads/allimg/cat-pictures/American-Shorthair-2.jpg
000014.jpg,https://geniusvets.s3.amazonaws.com/gv-cat-breeds/American-Shorthair-1.jpg
000015.jpg,https://photos.demandstudios.com/getty/article/41/25/AA001633.jpg
000016.jpg,https://upload.wikimedia.org/wikipedia/commons/0/0c/American_Shorthair.jpg
000017.jpg,https://www.animalfunfacts.net/images/stories/pets/cats/american_shorthair_l.jpg
000018.jpg,https://thumbs.dreamstime.com/z/cat-american-shorthair-cat-cartoon-vector-illustration-animal-character-eps-file-format-75713742.jpg
000019.jpg,https://i.ytimg.com/vi/EUeD61EM18w/hqdefault.jpg
000020.jpg,https://indulgeyourpet.com/wp-content/uploads/American-Shorthair-Kitten.png
000021.jpg,https://image.freepik.com/free-photo/american-shorthair-cat_212190-10.jpg
000022.jpg,https://www.thegreatcat.org/wp-content/uploads/2020/01/American-Shorthair-Cat-2-1250x834.jpg
000023.jpg,https://cdn.imgbin.com/7/25/7/imgbin-exotic-shorthair-british-shorthair-persian-cat-american-shorthair-maine-coon-cat-short-fur-white-and-beige-cat-WqypKjAP8NdU2zgiXWSt0XfmU.jpg
000024.jpg,https://fishsubsidy.org/wp-content/uploads/2020/01/american-shorthair-cat.png
000025.jpg,https://perfectpets.com.au/uploads/files/getfile/type/breed/id/549/file/5496533435d5ccf94d9c5a6.09590700-breed-549.jpg
000026.jpg,https://images.ctfassets.net/440y9b545yd9/250mPrOBEUesyo1imn2SmZ/9c6104c32076f06803834df2aafffe77/American-Shorthair850.jpg
000027.jpg,https://geniusvets.s3.amazonaws.com/gv-cat-breeds/American-Shorthair-3.jpg
000028.jpg,https://cf.ltkcdn.net/cats/images/std/255184-425x274-american-shorthair-cat-2.jpg
000029.jpg,https://fluffyplanet.com/wp-content/uploads/2019/03/shutterstock_682575010-e1555089694217.jpg
000030.jpg,https://cfa.org/wp-content/uploads/2019/06/AshBanner2019c-sm.jpg
000031.jpg,https://www.mediastorehouse.com.au/pimage/172/1314160/1314160_450_450_81393_0_fill_0_8a9938f7aa4a90f56e062f04d0232780.jpg
000032.jpg,https://www.catological.com/wp-content/uploads/2016/07/bestamericanshorthaircatfood-908x510.jpg
000033.jpg,https://www.catological.com/wp-content/uploads/2017/04/americanshorthaircatfacts-908x510.jpg
000034.jpg,https://i.etsystatic.com/10058395/r/il/053035/1983080862/il_570xN.1983080862_c1y5.jpg
000035.jpg,http://petcyclopedia.com/img/pets/cat/american-shorthair.jpg
000036.jpg,https://cfa.org/wp-content/uploads/2019/06/ash-profile2-400x326.jpg
000037.jpg,https://fluffyplanet.com/wp-content/uploads/2019/04/shutterstock_1144246583-e1555089351647.jpg
000038.jpg,https://trupanion.com/-/media/trupanion/images/breed--guide--new/american--shorthair--cat/american-shorthair-cat-hero-m.jpg
000039.jpg,https://geniusvets.s3.amazonaws.com/gv-cat-breeds/American-Shorthair-2.jpg
000040.jpg,https://image.freepik.com/free-vector/watercolor-cat-american-shorthair-cat-squat_71209-235.jpg
000041.jpg,https://cdn.imgbin.com/5/6/10/imgbin-british-shorthair-kitten-black-cat-american-shorthair-persian-cat-kitten-h1FH3Y76X1w7qtSSVdLmC10vn.jpg
000042.jpg,https://images-ra.adoptapet.com/seo/2/ff/968_ff.jpg
000043.jpg,https://cdn10.bigcommerce.com/s-57fs4oxar7/product_images/uploaded_images/american-shorthair-twitter.png
000044.jpg,https://img.favpng.com/4/1/0/american-shorthair-british-shorthair-european-shorthair-burmese-cat-birman-png-favpng-zY7HtEbGvgQtL4hM0aTsi6aeU.jpg
000045.jpg,https://www.petful.com/wp-content/uploads/2016/06/american-shorthair-cat-750x434.jpg
000046.jpg,https://images-na.ssl-images-amazon.com/images/I/81q8JF9J3nL.jpg
000047.jpg,https://cdn.britannica.com/89/105089-050-C5308CFE/cat-American-Shorthair-hunting-ability.jpg
000048.jpg,http://d3e1m60ptf1oym.cloudfront.net/8dbe6da3-569c-433a-9354-820f88db3b23/1903050LRARIOKO_xgaplus.jpg
000049.jpg,https://www.thegreatcat.org/wp-content/uploads/2020/01/American-Shorthair-Cat-500x316.jpg
000050.jpg,https://petcentral.chewy.com/wp-content/uploads/Cat_Brds_AmericanShorthair_92131496-1.jpg
000051.jpg,https://www.mypetneedsthat.com/wp-content/uploads/2020/03/American-Shorthair-Cat-1.jpg
000052.jpg,https://images2.minutemediacdn.com/image/upload/c_fill,g_auto,h_1248,w_2220/f_auto,q_auto,w_1100/v1555321962/shape/mentalfloss/exoticshorthairhed.png
000053.jpg,https://d17fnq9dkz9hgj.cloudfront.net/breed-uploads/2018/08/exotic-shorthair-card-small.jpg
000054.jpg,https://images.fineartamerica.com/images/artworkimages/mediumlarge/2/white-american-longhair-cat-robert-braley.jpg
000055.jpg,https://i2.wp.com/www.playfulkitty.net/wp-content/uploads/2014/07/Cinco-and-Manna-American-Shorthair-cats.jpg
000056.jpg,https://cdn4.vectorstock.com/i/1000x1000/45/03/american-shorthair-cat-pet-is-standing-vector-19464503.jpg
000057.jpg,https://images-na.ssl-images-amazon.com/images/I/91zQcFF4S9L._AC_SY606_.jpg
000058.jpg,https://www.asiaresearchnews.com/sites/default/files/articles_images/Cat_9.jpg
000059.jpg,https://i.ytimg.com/vi/LnfWVsWuPL4/maxresdefault.jpg
000060.jpg,http://3.bp.blogspot.com/-36pwn-ylU9s/UU7y8EXUMeI/AAAAAAAABXo/6I9rwc1ihnk/s1600/American_Shorthair_Cat.jpg
000061.jpg,https://www.thehappycatsite.com/wp-content/uploads/2018/03/american-shorthair-header.jpg
000062.jpg,https://i.ytimg.com/vi/tEUurQ0ofKs/hqdefault.jpg
000063.jpg,https://i.ytimg.com/vi/FJkCBL2T8no/maxresdefault.jpg
000064.jpg,http://www.catster.com/wp-content/uploads/2016/08/cat-breed-american-shorthair-04-600x400.jpg
000065.jpg,https://3.bp.blogspot.com/-pMDesdbKc94/UhE3yqvqSHI/AAAAAAAACfM/0sK3AumQM0E/s1600/American-shorthair-cats_8.jpg
000066.jpg,https://i.ytimg.com/vi/EUeD61EM18w/hqdefault.jpg
000067.jpg,https://vetstreet.brightspotcdn.com/dims4/default/7eaec8d/2147483647/thumbnail/645x380/quality/90/?url=https%3A%2F%2Fvetstreet-brightspot.s3.amazonaws.com%2F67%2Fb51540a27c11e087a80050568d634f%2Ffile%2FAmerican-Shorthair-2-645mk062311.jpg
000068.jpg,https://www.cat-breeds-encyclopedia.com/images/AmericanSH.jpg
000069.jpg,https://i.ytimg.com/vi/qDXsi32ibEA/maxresdefault.jpg
000070.jpg,http://media-3.web.britannica.com/eb-media/26/7126-004-180A5A15.jpg
000071.jpg,https://d17fnq9dkz9hgj.cloudfront.net/breed-uploads/2018/08/american-shorthair-card-small.jpg
000072.jpg,https://www.mediastorehouse.com/p/172/cat-american-shorthair-brown-tabby-and-white-facing-1295649.jpg
000073.jpg,https://s-media-cache-ak0.pinimg.com/736x/44/bd/79/44bd79a4e3503fb8b6dac55862f26ee4.jpg
000074.jpg,https://cdn.shopify.com/s/files/1/0564/1249/products/87757-G-2_1024x1024.jpg
000075.jpg,https://www.purina.ca/sites/g/files/auxxlc601/files/styles/kraken_generic_max_width_240/public/AmericanShorthair_body_6.jpg
000076.jpg,https://cdn.omlet.co.uk/images/cache/1024/682/Cat-American_Short_Haired-A_beautiful_american_shorthiar_cat_with_a_marbled_tabby_coat.jpg
000077.jpg,http://blog.cfa.org/wp-content/uploads/2016/08/Aug-ASH2.jpg
000078.jpg,https://cdn-s3.touchofmodern.com/products/001/544/598/effd3168ac59a40cd36e2dac59c9e160_large.jpg
000079.jpg,http://farm4.staticflickr.com/3556/3797770316_0c30158fea_z.jpg
000080.jpg,https://secure.img1-fg.wfcdn.com/im/48671881/resize-h800-w800%5Ecompr-r85/5534/55348263/Tabby+Cat+American+Shorthair+Washing+Statue.jpg
000081.jpg,https://cdn.omlet.co.uk/images/cache/1007/768/Cat-American_Short_Haired-A_little_american_shorthair_kitten_with_a_nice_tabby_coat.jpg
000082.jpg,https://i.pinimg.com/736x/78/f1/89/78f1893108d0121e3657c3c57ef44008--members-of-the-family-american-shorthair.jpg
000083.jpg,https://omlet.nl/images/cache/761/768/Cat-American_Short_Haired-A_cute_american_shorthair_kitten_with_a_ball_of_wool.jpg
000084.jpg,https://img1.etsystatic.com/021/1/6492477/il_570xN.553123881_krzl.jpg
000085.jpg,https://images-ra.adoptapet.com/seo/2/ff/968_ff.jpg
000086.jpg,https://sites.google.com/site/americanshorthair33/_/rsrc/1400503652672/dias-sda/cat_american_shorthair_006.jpg
000087.jpg,https://s-media-cache-ak0.pinimg.com/236x/2c/d7/7e/2cd77e8b50acf03a8f7c8b492d5dcb00.jpg
000088.jpg,https://pictures-of-cats.org/wp-content/uploads/images/american-shorthair-header.jpg
000089.jpg,https://i.pinimg.com/736x/9f/1c/16/9f1c1665d7af1ed63548a38fbb2a90a1--calico-cat-shorthair-yellow-flowers.jpg
000090.jpg,https://images.boredomfiles.com/wp-content/uploads/sites/5/2018/11/american-wirehair-cats-kittens-1.jpg
000091.jpg,https://www.desicomments.com/wallpapers/wp-content/uploads/2017/04/Wonderful-Cat-American-Shorthair.jpg
000092.jpg,http://i.ebayimg.com/images/i/222175569836-0-1/s-l1000.jpg
000093.jpg,https://pet-uploads.adoptapet.com/5/f/b/179173691.jpg
000094.jpg,http://images1.nicepetsonline.com/nlarge/baby-female-cat-american-shorthair_2962689.jpg
000095.jpg,https://besthqwallpapers.com/Uploads/1-3-2018/42512/thumb2-gray-cat-american-shorthair-cat-pets-cats-cute-animals.jpg
000096.jpg,https://www.lostmykitty.com/pet_images_lmk/41117.jpg
000097.jpg,http://www.helpinglostpets.com/images/Pets/527840.jpg
000098.jpg,http://farm1.staticflickr.com/135/358181684_2446e50a62_q_d.jpg
000099.jpg,http://www.helpinglostpets.com/images/Pets/800508.jpg
000100.jpg,http://www.helpinglostpets.com/images/Pets/511326.jpg
000101.jpg,https://www.bloggang.com/data/norigaze/picture/1306606423.jpg
000102.jpg,http://www.helpinglostpets.com/images/Pets/520838.jpg
000103.jpg,https://get.pxhere.com/photo/pet-cat-mammal-fauna-black-white-striped-close-up-whiskers-vertebrate-animal-portrait-tabby-cat-european-shorthair-wild-cat-small-to-medium-sized-cats-cat-like-mammal-domestic-short-haired-cat-pixie-bob-american-shorthair-rusty-spotted-cat-719918.jpg
000104.jpg,https://i.pinimg.com/236x/d7/73/f9/d773f9a0ef2da298335c809cca751f2e--american-shorthair-creative.jpg
000105.jpg,http://ellwoodpark.ca/wp-content/uploads/2012/05/americanshorthair11.jpg
000106.jpg,https://www.lostmykitty.com/pet_images_lmk/38003.jpg
000107.jpg,https://content.omlet.co.uk/images/cache/300/224/Cat-American_Short_Haired-A_lovely_grey_marbled_american_shorthairr_Cat.jpg
000108.jpg,https://www.catsmeow.com/sites/default/files/07-0615%20grey%20shorthair.jpg
000109.jpg,https://thumbs.dreamstime.com/z/cat-american-shorthair-cat-cartoon-vector-illustration-animal-character-eps-file-format-75713742.jpg
000110.jpg,https://www.lostmykitty.com/pet_images_lmk/45528.jpg
000111.jpg,https://www.helpinglostpets.com/images/Pets/980719.jpg
000112.jpg,https://pictures-of-cats.org/wp-content/uploads/images/american-shorthair-3rd.jpg
000113.jpg,http://www.helpinglostpets.com/images/Pets/488570.jpg
000114.jpg,https://i.ytimg.com/vi/Xhtxtp4AM5Y/maxresdefault.jpg
000115.jpg,https://i.ytimg.com/vi/MEBZ6g18ir8/hqdefault.jpg
000116.jpg,https://i.pinimg.com/736x/8a/61/3b/8a613becc7f2328756b096271cbee6a2--kitten-cat-tabby-cats.jpg
000117.jpg,https://i.pinimg.com/originals/ca/a0/b4/caa0b4521d07804990803256ba63ec6c.jpg
000118.jpg,http://www.helpinglostpets.com/images/Pets/866459.jpg
000119.jpg,https://www.lostmykitty.com/pet_images_lmk/31447.jpg
000120.jpg,https://s-media-cache-ak0.pinimg.com/736x/79/e3/b9/79e3b975c79ee29863042f3b63a39ef0--lupin-american-shorthair.jpg
000121.jpg,https://www.helpinglostpets.com/images/Pets/855054.jpg
000122.jpg,https://s-media-cache-ak0.pinimg.com/custom_covers/216x146/557320591326112953_1376278568.jpg
000123.jpg,http://www.helpinglostpets.com/images/Pets/526800.jpg
000124.jpg,https://www.lostmykitty.com/pet_images_lmk/38787.jpg
000125.jpg,http://orig03.deviantart.net/78f4/f/2011/072/2/c/cat__american_shorthair_by_henryride-d3bjmc2.jpg
000126.jpg,http://www.helpinglostpets.com/images/Pets/845853.jpg
000127.jpg,http://www.helpinglostpets.com/images/Pets/701191.jpg
000128.jpg,https://s-media-cache-ak0.pinimg.com/736x/4d/6b/f3/4d6bf3ea0be96f856250b5f96cbb5e8b.jpg
000129.jpg,https://www.lostmykitty.com/pet_images_lmk/37872.jpg
000130.jpg,https://s-media-cache-ak0.pinimg.com/originals/0c/86/a2/0c86a2af574600ecbb196c462d68c4c1.jpg
000131.jpg,http://www.helpinglostpets.com/images/Pets/689002.jpg
000132.jpg,http://www.lostmykitty.com/pet_images_lmk/30216.jpg
000133.jpg,http://www.lostmykitty.com/pet_images_lmk/thumbs/64912.jpg
000134.jpg,http://www.lostmykitty.com/pet_images_lmk/33843.jpg
000135.jpg,https://www.lostmykitty.com/pet_images_lmk/50610.jpg
000136.jpg,https://www.helpinglostpets.com/images/Pets/531363.jpg
000137.jpg,http://www.lostmykitty.com/pet_images_lmk/thumbs/54678.jpg
000138.jpg,http://www.helpinglostpets.com/images/Pets/892615.jpg
000139.jpg,https://i.ytimg.com/vi/kCAthzgrw4g/maxresdefault.jpg
000140.jpg,https://www.lostmykitty.com/pet_images_lmk/35755.jpg
000141.jpg,http://www.lostmydoggie.com/pet_images/thumbs/183756.jpg
000142.jpg,http://www.lostmykitty.com/pet_images_lmk/thumbs/64269.jpg
000143.jpg,http://www.myhappyoffice.com/wp-content/uploads/2013/06/American-shorthair-cat.jpg
000144.jpg,http://www.lostmykitty.com/pet_images_lmk/32472.jpg
000145.jpg,https://www.lostmykitty.com/pet_images_lmk/38613.jpg
000146.jpg,http://www.lostmydoggie.com/pet_images/162543.jpg
000147.jpg,http://www.lostmykitty.com/pet_images_lmk/34061.jpg
000148.jpg,https://img0.etsystatic.com/000/0/6669378/il_570xN.365757884.jpg
000149.jpg,https://s3.amazonaws.com/filestore.rescuegroups.org/8515/pictures/animals/15922/15922428/74068378_500x500.jpg
000150.jpg,https://s3.amazonaws.com/filestore.rescuegroups.org/8515/pictures/animals/15922/15922428/74068381_500x500.jpg
000151.jpg,https://images.freeimages.com/images/premium/previews/4323/43232226-american-shorthair-cat.jpg
000152.jpg,https://www.pet-onelove.com/zukan/cat/American_Shorthair.jpg
000153.jpg,https://img0.etsystatic.com/012/0/6959564/il_fullxfull.463389014_igyq.jpg
000154.jpg,https://s3.amazonaws.com/filestore.rescuegroups.org/8515/pictures/animals/15922/15922428/74068382_500x500.jpg
000155.jpg,http://www.lostmykitty.com/pet_images_lmk/thumbs/64183.jpg
000156.jpg,https://cdn3-www.cattime.com/assets/uploads/2011/12/file_2740_american-wirehair-460x290.jpg
000157.jpg,http://www.bloggang.com/data/norigaze/picture/1306606717.jpg
000158.jpg,https://s-media-cache-ak0.pinimg.com/236x/e7/91/6e/e7916ebd97b1a0847b3d002138d895fa.jpg
000159.jpg,http://www.lostmydoggie.com/pet_images/thumbs/248427.jpg
000160.jpg,https://s3-eu-west-1.amazonaws.com/images.linnlive.com/be76a28401556db4a95cc9de816f7d7b/72948caa-83f1-411a-bd7a-75ff6a4acb8c.jpg
000161.jpg,https://petsfeed.co/wp-content/uploads/2020/09/Cat-Breeds-American-Wirehair-1024x538.jpg
000162.jpg,https://casechimpimage.s3.eu-west-2.amazonaws.com/product-images/i11-r-cats-4-a-3.jpg
000163.jpg,https://s3-eu-west-1.amazonaws.com/images.linnlive.com/be76a28401556db4a95cc9de816f7d7b/72502ebb-e3cd-4eae-9983-0d140f95f9bd.jpg
000164.jpg,https://www.demilked.com/magazine/wp-content/uploads/2020/09/5f4f4361a2bf1-cat-breeds-omg-meow11-5f4cc47177951__700.jpg
000165.jpg,https://www.demilked.com/magazine/wp-content/uploads/2020/09/5f4f4361ae8d8-cat-breeds-omg-meow18-5f4cc47b71516__700.jpg
000166.jpg,https://www.demilked.com/magazine/wp-content/uploads/2020/09/5f4f4361ed588-cat-breeds-omg-meow32-5f4cc49131093__700.jpg
000167.jpg,https://www.demilked.com/magazine/wp-content/uploads/2020/09/5f4f4361e0410-cat-breeds-omg-meow7-5f4cc46ad6a71__700.jpg
000168.jpg,https://www.demilked.com/magazine/wp-content/uploads/2020/09/5f4f4361ba1a0-cat-breeds-omg-meow39-5f4cc49bc5adb__700.jpg
000169.jpg,https://www.lostmykitty.com/pet_images_lmk/41545.jpg
000170.jpg,https://www.lostmydoggie.com/pet_images/168057.jpg
000171.jpg,https://www.demilked.com/magazine/wp-content/uploads/2020/09/5f4f43624d9fa-cat-breeds-omg-meow19-5f4cc47cd10b4__700.jpg
000172.jpg,http://photos.petfinder.com/photos/US/SC/SC56/21813018/SC56.21813018-2-pn.jpg
000173.jpg,https://petsfeed.co/wp-content/uploads/2020/09/Cat-Breeds-Abyssinian-1024x538.jpg
000174.jpg,https://secureservercdn.net/198.71.190.10/3a8.f60.myftpupload.com/wp-content/uploads/2020/06/Screenshot_20200623-110053_Facebook.jpg
000175.jpg,https://www.worldkittens.com/images/cats/kitten6090.jpg
000176.jpg,https://www.demilked.com/magazine/wp-content/uploads/2020/09/5f4f4361c70c8-cat-breeds-omg-meow2-5f4cc462b2765__700.jpg
000177.jpg,https://www.brighttimes.info/wp-content/uploads/2020/08/cost-cats-300x225.jpg
000178.jpg,https://petsfeed.co/wp-content/uploads/2020/09/Cat-Breeds-Sphynx-1024x538.jpg
000179.jpg,https://www.demilked.com/magazine/wp-content/uploads/2020/09/5f4f43621de3e-cat-breeds-omg-meow25-5f4cc485ab97b__700.jpg
000180.jpg,https://petsfeed.co/wp-content/uploads/2020/09/Cat-Breeds-Selkirk-Rex-1024x538.jpg
000181.jpg,https://www.demilked.com/magazine/wp-content/uploads/2020/09/5f4f4361d391d-cat-breeds-omg-meow4-5f4cc465df16f__700.jpg
000182.jpg,https://animal.direct/files/08-2020/ad39589/kitten-for-sale-977802217_large.jpg
000183.jpg,https://www.demilked.com/magazine/wp-content/uploads/2020/09/5f4f436211015-cat-breeds-omg-meow31-5f4cc48f83040__700.jpg
000184.jpg,https://petsfeed.co/wp-content/uploads/2020/09/Cat-Breeds-Norwegian-Forest-Cat-1024x538.jpg
000185.jpg,https://data.lost-cat.org/photos/5/5/5/6/2/555623_430x430_1.jpg
000186.jpg,https://data.lost-cat.org/photos/5/5/6/1/5/556153_430x430_1.jpg
000187.jpg,https://data.lost-cat.org/photos/5/5/6/9/3/556932_430x430_1.jpg
000188.jpg,https://cdn.fotofits.com/petzlover/gallery/img/l/ragdoll-882155.jpg
000189.jpg,https://data.lost-cat.org/photos/5/5/5/0/7/555075_430x430_1.jpg
000190.jpg,https://cdn.fotofits.com/petzlover/gallery/img/l/ragdoll-882156.jpg
000191.jpg,https://images.fineartamerica.com/images/artworkimages/mediumlarge/1/cute-gray-tabby-cat-face-mm-anderson.jpg
000192.jpg,https://secureservercdn.net/198.71.190.10/3a8.f60.myftpupload.com/wp-content/uploads/2020/07/Screenshot_20200729-162607_Facebook.jpg
000193.jpg,https://s3.amazonaws.com/filestore.rescuegroups.org/8891/pictures/animals/15994/15994914/74101710_500x666.jpg
000194.jpg,https://cdn.shopify.com/s/files/1/0912/8122/products/asset_951_transformation_2533_834acefa-ce8b-42be-9343-a0c5bc0c760d_600x.jpg
000195.jpg,https://cdn.shopify.com/s/files/1/0912/8122/products/asset_951_transformation_2533_6962c0c0-331a-4e16-bbbd-354f6c081ce4_600x.jpg
000196.jpg,https://cdn.shopify.com/s/files/1/0912/8122/products/asset_951_transformation_2527_627bd949-e5c5-4fb0-82c0-2e41fc41ea36_600x.jpg
000197.jpg,https://cdn.shopify.com/s/files/1/0912/8122/products/asset_951_transformation_2527_aab1d42b-f6fc-4659-894e-ff0db507521a_600x.jpg
000198.jpg,https://cdn.shopify.com/s/files/1/0912/8122/products/asset_951_transformation_2527_17fa78c5-80a1-488b-b499-1bba6e610026_600x.jpg
000199.jpg,https://cdn.shopify.com/s/files/1/0912/8122/products/asset_951_transformation_2527_613c02cd-149a-448a-ae37-28363005ebb1_600x.jpg
000200.jpg,https://cdn.shopify.com/s/files/1/0912/8122/products/asset_951_transformation_2533_211b2828-e61b-4af5-80ae-0dcef30c2bbf_600x.jpg
000201.jpg,https://cdn.shopify.com/s/files/1/0912/8122/products/asset_951_transformation_2533_edac72dd-ba01-4021-9357-823e2e5cfea2_600x.jpg
000202.jpg,https://cdn.shopify.com/s/files/1/0912/8122/products/asset_951_transformation_2533_7efe3849-d33f-4f0f-bf74-446394f67be1_600x.jpg
000203.jpg,https://cdn.shopify.com/s/files/1/0912/8122/products/asset_951_transformation_2533_04ba20df-3fc9-48f1-83f3-c190dab1fbec_600x.jpg
000204.jpg,https://cdn.shopify.com/s/files/1/0912/8122/products/asset_951_transformation_2533_b49fd4b2-c664-4e0c-a3e4-2d55aacb0d70_600x.jpg
000205.jpg,https://cdn.shopify.com/s/files/1/0912/8122/products/asset_951_transformation_2527_bb39e708-c573-4756-a747-09cc30e88fe5_600x.jpg
000206.jpg,https://cdn.shopify.com/s/files/1/0912/8122/products/asset_951_transformation_2527_b9e1b104-9d73-45d5-9f38-da5181c330a3_600x.jpg
000207.jpg,https://cdn.shopify.com/s/files/1/0912/8122/products/asset_951_transformation_2527_5e3c2fbf-313b-4d36-9725-f0d01bb61aed_600x.jpg
000208.jpg,https://cdn.shopify.com/s/files/1/0912/8122/products/asset_951_transformation_2527_c894078c-fe54-477c-8298-0bc0a29c88cf_600x.jpg
000209.jpg,https://cdn.shopify.com/s/files/1/0912/8122/products/asset_951_transformation_2527_e3de0232-12ad-4421-b2a9-a69bb846b575_600x.jpg
000210.jpg,https://s3.amazonaws.com/filestore.rescuegroups.org/8891/pictures/animals/15994/15994914/74101710_1200x1600.jpg
