image,source
000001.jpg,http://1.bp.blogspot.com/_y9hRNmeik1w/Szhi78o3ebI/AAAAAAAAAPA/1Zj78erC0bg/w1200-h630-p-k-no-nu/devon+rex1.jpg
000002.jpg,https://icatcare.org/app/uploads/2018/09/devon-rex-1-1200x600.jpg
000003.jpg,https://i.pinimg.com/originals/7a/e1/aa/7ae1aaba9018c931fa7d43b8a8504995.jpg
000004.jpg,https://usercontent1.hubstatic.com/5898038_f520.jpg
000005.jpg,https://cdn1-www.cattime.com/assets/uploads/gallery/bombay-cats-and-kittens_1/devon-rex-cats-and-kittens-1.jpg
000006.jpg,https://t1.ea.ltmcdn.com/en/razas/0/0/6/img_600_devon-rex_0_600.jpg
000007.jpg,https://i.pinimg.com/originals/81/e3/fc/81e3fc2d8bbdf16a1715209f88b4a430.jpg
000008.jpg,https://www.holidogtimes.com/wp-content/uploads/2018/01/chat-devon-rex-EN-FI.png
000009.jpg,https://www.purina.co.uk/sites/g/files/mcldtz2481/files/styles/nppe_breed_selector_500/public/breed_library/cat_devon_rex.jpg
000010.jpg,https://images.squarespace-cdn.com/content/v1/5ad1475a297114e73a1ef739/1523744049584-DYW81M2FMPRR8YEOUB9M/ke17ZwdGBToddI8pDm48kOrXfLpZoIFAOyKFrkfPMq1Zw-zPPgdn4jUwVcJE1ZvWQUxwkmyExglNqGp0IvTJZUJFbgE-7XRK3dMEBRBhUpwN7YvfN5ttzpnXbeW_Td-ibo-6GJdL39OS6V9AoCmSXeeZ8tXJCq8iy-NCsoOzbXQ/like+milo.jpg
000011.jpg,https://img.favpng.com/18/14/14/devon-rex-persian-cat-kitten-siamese-cat-cornish-rex-png-favpng-A9zJCwWEdVRSxuZMdc6AtH0DD.jpg
000012.jpg,https://allaboutcats.com/wp-content/uploads/2018/01/Devon-Rex.jpg
000013.jpg,https://cdn.shopify.com/s/files/1/0997/4496/articles/Blue_Eyed_Devon_Rex_Cat_d9234955-823a-459d-8b14-fb1340247c0e_5000x.jpg
000014.jpg,https://img.freepik.com/free-photo/devonrex-kitten-sitting-couch_75514-1327.jpg
000015.jpg,https://vgl.ucdavis.edu/sites/g/files/dgvnsk8836/files/inline-images/Sphynx-and-Devon-Rex-Coats-1200px.jpg
000016.jpg,https://thumbs.dreamstime.com/z/portrait-gray-devon-rex-cat-white-background-143947657.jpg
000017.jpg,https://i.pinimg.com/736x/b7/65/73/b765737ac58ecd3a6c28b245c4a6e424.jpg
000018.jpg,https://www.askideas.com/media/19/Devon-Rex-Cat-Face.jpg
000019.jpg,https://cdn0.wideopenpets.com/wp-content/uploads/2020/06/Untitled-design-2020-06-15T205311.347-770x405.jpg
000020.jpg,https://cf.ltkcdn.net/cats/images/std/255226-675x450-Devon_Rex_kittens.jpg
000021.jpg,https://i.pinimg.com/originals/03/fe/7d/03fe7d86bcba1c66fa369c3188780e04.jpg
000022.jpg,https://thumbs.dreamstime.com/z/adorable-blue-tonkanese-point-white-devon-rex-cat-kitten-girl-sitting-front-view-isolated-background-looking-straight-124727227.jpg
000023.jpg,https://live.staticflickr.com/3200/3015435349_af0e971f9d_b.jpg
000024.jpg,https://cdn.imgbin.com/1/15/9/imgbin-donskoy-cat-devon-rex-peterbald-german-rex-australian-mist-kitten-xt4q80YernwHrW814aSKczG2F.jpg
000025.jpg,https://www.askideas.com/media/19/Black-And-White-Two-Devon-Rex-Kittens.jpg
000026.jpg,https://c4.wallpaperflare.com/wallpaper/94/201/155/white-devon-rex-wallpaper-preview.jpg
000027.jpg,https://i.ytimg.com/vi/Pb70DctU_g4/maxresdefault.jpg
000028.jpg,https://d17fnq9dkz9hgj.cloudfront.net/breed-uploads/2018/08/devon-rex-card-small.jpg
000029.jpg,https://cdn.shopify.com/s/files/1/0997/4496/files/Devon_Rex_Kittens_grande.jpg
000030.jpg,https://c8.alamy.com/comp/BMB84D/devon-rex-cat-black-smoke-white-BMB84D.jpg
000031.jpg,https://sketchok.com/images/articles/07-animals/01-cats/10/11.jpg
000032.jpg,https://upload.wikimedia.org/wikipedia/commons/1/1c/Devon_rex_juvenile_Cat.jpg
000033.jpg,https://img.favpng.com/12/9/15/sphynx-cat-peterbald-devon-rex-ukrainian-levkoy-kitten-png-favpng-QzpfSVRKEHQWEuyGQ0eUrddid.jpg
000034.jpg,https://img.freepik.com/free-photo/little-devonrex-kitten-stands-plaid_75514-1332.jpg
000035.jpg,https://i.ebayimg.com/images/g/KgkAAMXQn11RbCuv/s-l300.jpg
000036.jpg,https://i.pinimg.com/originals/fa/d7/da/fad7da9eca8800c429d0938e6c355d5c.jpg
000037.jpg,https://c8.alamy.com/comp/PFPK9M/devon-rex-cat-PFPK9M.jpg
000038.jpg,https://thumbs.dreamstime.com/z/funny-devon-rex-kittens-scratching-post-portrait-cute-cats-talking-51255070.jpg
000039.jpg,https://images.freeimages.com/images/premium/previews/1607/16073819-devon-rex-breed-black-cat.jpg
000040.jpg,http://www.tiptopglobe.com/big-photo/devon-rex-cat-1.jpg
000041.jpg,https://zaoda.xyz/Image/U2FsdGVkX1/eyngAd2zeqTobzV6j2KTC9D8V3KjwCkwgnWwYJULFNjNkFuq/T1U4D7hYAONRTKyHjL5zAWl61bZC/devon-rex-cat-price.jpg
000042.jpg,https://icatcare.org/app/uploads/2018/08/Devon-rex.png
000043.jpg,http://cdn.pet360.com/pet360/Content/Images/CMS/Cat_Breeds/Cat_Brds_DevonRex_138030805.jpg
000044.jpg,https://cdn.imgbin.com/9/7/14/imgbin-cornish-rex-devon-rex-sphynx-cat-ragdoll-abyssinian-cute-cat-vtE2LgS1eh1ky07p9MGrBRZWy.jpg
000045.jpg,https://i.ytimg.com/vi/ILZbg6PpfWg/maxresdefault.jpg
000046.jpg,https://favcats.com/wp-content/uploads/catdevonrex_4D9E3FD4-1280x720.jpg
000047.jpg,https://www.askideas.com/media/19/White-Devon-Rex-Kitten-Picture.jpg
000048.jpg,https://www.mistycats.com/images/devon-rex-cat-breeders-royal-devons-cattery.png
000049.jpg,https://www.mypetneedsthat.com/wp-content/uploads/2019/09/Devon-Rex-1068x346.jpg
000050.jpg,https://www.cwvet.co.uk/wp-content/uploads/2018/01/CWVET-Devon-Rex-cat.jpg
000051.jpg,https://banner2.cleanpng.com/20180529/kuj/kisspng-domestic-short-haired-cat-devon-rex-oriental-short-oriental-shorthair-5b0e1e3310c8f7.6191833115276518910688.jpg
000052.jpg,https://en.abyssin.net/wp-content/uploads/2018/08/devon-reks-belyi-raznoglazyi-10.jpg
000053.jpg,https://cf.ltkcdn.net/cats/images/std/255227-425x368-Devon_Rex_multicolor.jpg
000054.jpg,http://www.iwannapet.com/devon-rex-0009.jpg
000055.jpg,https://img.freepik.com/free-photo/mother-cat-devonrex-protects-her-kitten_75514-1331.jpg
000056.jpg,https://www.cutemeows.com/wp-content/uploads/2020/04/devon-rex-playful-cat-1.jpg
000057.jpg,https://cutestkittyhq.com/static/images/breeds/devon-rex.jpg
000058.jpg,https://i.pinimg.com/originals/4f/90/44/4f904408eb981c235ecacf2939929325.jpg
000059.jpg,https://pasakacats.weebly.com/uploads/4/8/2/0/4820074/75210808-3184637164884761-7787511087653453824-n_orig.jpg
000060.jpg,http://4.bp.blogspot.com/-BrQY4tPfaaE/UjG6Ggn4_tI/AAAAAAAADbE/QS7aSN9BiSw/s1600/fbed53ef13d3a68fdea6abf0d74afe94.jpg
000061.jpg,https://www.petmd.com/sites/default/files/devon-rex-picture-id866192028.jpg
000062.jpg,https://c8.alamy.com/comp/X4Y10J/black-devon-rex-cat-X4Y10J.jpg
000063.jpg,http://www.catbreedsjunction.com/images/devon-rex-cat-facts6.jpg
000064.jpg,https://vetstreet-brightspot.s3.amazonaws.com/b1/0dcd50a33911e087a80050568d634f/file/Devon-Rex-4-645mk062211.jpg
000065.jpg,https://ae01.alicdn.com/kf/H2da0c11b48034897bd095a212ae0ddbcA/Cute-Devon-Rex-cat-keychain-Acrylic-setting-1pcs-lot-Keyring-watching-best-friends-for-Womens.jpg
000066.jpg,https://thecatsite.com/c/wp-content/uploads/2019/11/devon-rex.jpg
000067.jpg,https://thumbs.dreamstime.com/b/black-devon-rex-cat-27645999.jpg
000068.jpg,https://www.bronzsocha.cz/wp-content/uploads/2018/12/%D0%94%D0%B5%D0%B2%D0%BE%D0%BD-%D1%80%D0%B5%D0%BA%D1%81.jpg
000069.jpg,https://i.etsystatic.com/13789090/r/il/a55bf3/1561885583/il_570xN.1561885583_mpqb.jpg
000070.jpg,https://www.somerzby.com.au/wp-content/uploads/2019/12/Devon-Rex-Kittens-1209x800.png
000071.jpg,https://media.springernature.com/lw685/springer-static/image/art%3A10.1007%2Fs00335-010-9290-6/MediaObjects/335_2010_9290_Fig1_HTML.jpg
000072.jpg,https://indulgeyourpet.com/wp-content/uploads/Devon-Rex-Kitten.png
000073.jpg,https://i.pinimg.com/originals/20/a6/a7/20a6a7a425a0160e65af85500620c1d2.jpg
000074.jpg,https://www.askideas.com/media/19/Blue-Eyes-Devon-Rex-Cat.jpg
000075.jpg,https://i.ytimg.com/vi/sPSnuMe80W4/maxresdefault.jpg
000076.jpg,https://i.pinimg.com/originals/f5/1c/8b/f51c8bb00a00dc9717649dca78067092.jpg
000077.jpg,http://1.bp.blogspot.com/-mi86Na4Kbc4/UkB8sH6Ol-I/AAAAAAAADvo/wrqcbUXxKv0/s1600/tumblr_mhtjoph1uJ1qkn4zao1_500.jpg
000078.jpg,https://i.pinimg.com/originals/7e/f0/47/7ef0473d5961183316ec416c591044e9.jpg
000079.jpg,https://thumbs.dreamstime.com/z/adorable-white-grey-spots-devon-rex-cat-kitten-white-background-adorable-blue-tonkanese-point-white-devon-rex-cat-124727558.jpg
000080.jpg,https://cat-world.com/wp-content/uploads/2017/03/calico-devon-rex.jpg
000081.jpg,https://i.pinimg.com/originals/ed/a0/e1/eda0e1740ad8a002010b46818f76c2e9.jpg
000082.jpg,https://images.freeimages.com/images/premium/previews/1940/19402227-devon-rex-cat.jpg
000083.jpg,https://d2gg9evh47fn9z.cloudfront.net/800px_COLOURBOX4597994.jpg
000084.jpg,https://c8.alamy.com/comp/PFH1P7/cream-tabby-point-si-rex-cat-devon-rex-with-slim-legs-blue-eyes-and-large-ears-PFH1P7.jpg
000085.jpg,https://n7.nextpng.com/sticker-png/366/228/sticker-png-donskoy-devon-rex-peterbald-german-rex-javanese-cat-devon-rex-cat-like-mammal-carnivoran-paw-tail.png
000086.jpg,https://www.askideas.com/media/19/White-Devon-Rex-Cat-Cute-Picture.jpg
000087.jpg,https://previews.123rf.com/images/catchyimages/catchyimages1808/catchyimages180800083/107144404-adorable-blue-tonkanan-point-with-white-devon-rex-cat-kitten-sitting-front-view-isolated-on-white-ba.jpg
000088.jpg,https://i.ytimg.com/vi/oJ8f5wK4rqU/hqdefault.jpg
000089.jpg,https://allaboutcats.com/wp-content/uploads/2020/02/Devon-Rex-cat.jpg
000090.jpg,https://en.abyssin.net/wp-content/gallery/whitedevonrex12-10-18/kotik-belyi-devon-5.jpg
000091.jpg,https://img.freepik.com/free-photo/devon-rex-cat-2-years-old-cat-portrait-isolated_191971-1686.jpg
000092.jpg,https://pasakacats.weebly.com/uploads/4/8/2/0/4820074/img-7359-1_1_orig.jpg
000093.jpg,https://i.pinimg.com/originals/dc/41/39/dc4139b5baee57be5d00d2cda7d0ba15.jpg
000094.jpg,http://cdn1-www.cattime.com/assets/uploads/2011/12/file_2702_devon-rex-cat-breed-profile.jpg
000095.jpg,https://res.cloudinary.com/jerrick/image/upload/fl_progressive,q_auto,w_1024/bjrouh6s29ke0xucc8gc.jpg
000096.jpg,https://marylandpet.com/wp-content/uploads/2013/09/Devon-Rex-Cat-Breed.jpg
000097.jpg,https://library.kissclipart.com/20191119/tae/kissclipart-cat-small-to-medium-sized-cats-devon-rex-cornish-r-33e377a9c5fa90d3.png
000098.jpg,http://4.bp.blogspot.com/-Z_pvVTZvtgc/UJ8zDsNmRRI/AAAAAAAABKk/3itWXp75Dek/s1600/Devon-Rex-Cat_Picture.jpg
000099.jpg,http://1.bp.blogspot.com/-YhJOqZ_D8gQ/UjtRFQOp0hI/AAAAAAAAAac/QMfFH19QR-k/s1600/devon-rex3.jpg
000100.jpg,https://vetstreet-brightspot.s3.amazonaws.com/a0/495a20a33911e087a80050568d634f/file/Devon-Rex-3-645mk062211.jpg
000101.jpg,http://1.bp.blogspot.com/-iXyKwt5qpPI/UArHAHgmSdI/AAAAAAAJQBQ/7WPWRvH-Ns0/s1600/devon+rex+kittens+(1).jpg
000102.jpg,https://vetstreet-brightspot.s3.amazonaws.com/c0/0e/48187589472889b3957237cc3808/Devon-Rex-AP-CQI4TD-645sm3614.jpg
000103.jpg,http://4.bp.blogspot.com/-PV4XRhH_tpE/Up_F0JzOrCI/AAAAAAAADlI/eU4twb973Pg/s1600/Devon+Rex+-+006.jpg
000104.jpg,https://www.omlet.co.uk/images/cache/571/768/Cat-Devon_Rex-A_black_faced_devon_rex_with_golden_eyes.jpg
000105.jpg,http://knowledgebase.lookseek.com/images/animals/cats/Devonshire-Rex-Devon.jpg
000106.jpg,http://1.bp.blogspot.com/_y9hRNmeik1w/Szhi78o3ebI/AAAAAAAAAPA/1Zj78erC0bg/s320/devon+rex1.jpg
000107.jpg,https://vetstreet.brightspotcdn.com/dims4/default/79992ba/2147483647/thumbnail/645x380/quality/90/?url=https%3A%2F%2Fvetstreet-brightspot.s3.amazonaws.com%2Fb1%2F0dcd50a33911e087a80050568d634f%2Ffile%2FDevon-Rex-4-645mk062211.jpg
000108.jpg,http://media-cache-ak0.pinimg.com/originals/b3/7d/a7/b37da71062c5c11318c65b8990d97c4c.jpg
000109.jpg,https://s-media-cache-ak0.pinimg.com/564x/2f/9c/37/2f9c37127b11f0a43dbae6bdbbdc21ef.jpg
000110.jpg,https://s-media-cache-ak0.pinimg.com/originals/ed/7a/a8/ed7aa8a81e96e9ef262132e2ee6e0387.jpg
000111.jpg,http://2.bp.blogspot.com/_jZHHRfnq9F8/TUQv2iBrIvI/AAAAAAAAMII/D0dqfYsJ9GI/s1600/Devon+Rex+-+005.jpg
000112.jpg,https://www.askideas.com/media/19/Black-And-White-Two-Devon-Rex-Kittens.jpg
000113.jpg,https://4.bp.blogspot.com/-PSCVknU8gVY/UD8Gv4cQOPI/AAAAAAAAN5E/wqTV6ZLwvv0/s1600/Devon+Rex+-+007.jpg
000114.jpg,http://cdn3-www.cattime.com/assets/uploads/gallery/bombay-cats-and-kittens_1/devon-rex-cats-and-kittens-1.jpg
000115.jpg,http://3.bp.blogspot.com/-fXzPxjC5Nmo/UjLol9sDmnI/AAAAAAAADdk/mjhj7VivoBY/s1600/3426923291_596826e383_b.jpg
000116.jpg,https://s-media-cache-ak0.pinimg.com/736x/64/18/fd/6418fde39e1a15891685aa7c1b6eaa2c.jpg
000117.jpg,http://media-cache-ak0.pinimg.com/736x/ab/57/ab/ab57ab61ca765994da335b9b7baa97c2.jpg
000118.jpg,https://3b0ad08da0832cf37cf5-435f6e4c96078b01f281ebf62986b022.ssl.cf3.rackcdn.com/breeds/cats/cat_devonrex_400x378.jpg
000119.jpg,http://31.media.tumblr.com/6d2c82a588da26dcb528e444c082358d/tumblr_mujksdby431skrdcoo3_500.jpg
000120.jpg,http://media-cache-ec0.pinimg.com/736x/d4/c9/6a/d4c96aaa47c2581c4e96d8909ea95712.jpg
000121.jpg,http://www.catbreedslist.com/uploads/allimg/cat-pictures/Devon-Rex-2.jpg
000122.jpg,https://s-media-cache-ak0.pinimg.com/originals/97/89/35/9789351514670a80190e03d89f1fe435.jpg
000123.jpg,http://media-cache-ak0.pinimg.com/736x/fb/49/a3/fb49a3d17c722033b948fe2a56d53ceb.jpg
000124.jpg,https://s-media-cache-ak0.pinimg.com/736x/dd/43/98/dd43986a92ba43b6b717b0a1bdc5cd9f.jpg
000125.jpg,https://i.pinimg.com/originals/02/2e/47/022e472ea7b8dd654b04deeffcc22f91.jpg
000126.jpg,http://1.bp.blogspot.com/-GXkFp9FaRNk/UArHYsAdFYI/AAAAAAAJQCA/hGhXINDC4Es/s1600/devon+rex+kittens+(14).jpg
000127.jpg,https://st2.depositphotos.com/1594920/11325/i/950/depositphotos_113254524-stock-photo-devon-rex-kitten-isolated-on.jpg
000128.jpg,http://1.bp.blogspot.com/-cYoJplD30P4/UjtQtOpwUGI/AAAAAAAAAaM/CMsDK7kFin4/s1600/devon.jpg
000129.jpg,https://i.pinimg.com/originals/86/66/68/866668117e042870a63f977393f2fa4a.jpg
000130.jpg,http://images.fineartamerica.com/images-medium-large/1-odd-eyed-catdevon-rex-ultraf.jpg
000131.jpg,https://i.pinimg.com/736x/64/2c/30/642c300558996d64ec20acfcef25507f--hypoallergenic-cats-devon-rex-cats.jpg
000132.jpg,https://s-media-cache-ak0.pinimg.com/564x/95/ea/a3/95eaa35319c3218e570eb24d5fdab56f.jpg
000133.jpg,https://i.pinimg.com/736x/e0/24/64/e02464afc2417018944724e19ae5fbf9--cornish-rex-cat-devon-rex-kittens.jpg
000134.jpg,https://i.pinimg.com/736x/37/8c/c4/378cc46c0f0ba17d025761acb2bbede8--devon-rex-cats-hairless-cats.jpg
000135.jpg,https://i.pinimg.com/originals/b8/99/12/b8991247d3ee30069ea2b6e976dd9501.jpg
000136.jpg,https://s-media-cache-ak0.pinimg.com/736x/e0/0c/cb/e00ccb30f722c3f04b8b74039ade0948.jpg
000137.jpg,https://i.pinimg.com/originals/db/0b/7d/db0b7d553a1df497476703bee4f3225b.jpg
000138.jpg,https://s-media-cache-ak0.pinimg.com/736x/b3/85/99/b385998cdbaa22e5878ac61ed55ac01b.jpg
000139.jpg,http://3.bp.blogspot.com/-pCjhVmbpxaI/UArHdAUTDLI/AAAAAAAJQCQ/HREPvHPUN7M/s1600/devon+rex+kittens+(16).jpg
000140.jpg,http://www.petpaw.com.au/wp-content/uploads/2012/11/Devon-Rex-confused-cat.jpg
000141.jpg,https://images.fineartamerica.com/images-medium-large/odd-eyed-catdevon-rex-ultraf.jpg
000142.jpg,https://i.pinimg.com/736x/22/aa/c5/22aac5c39adc4243005b03b4444336bf--hairless-animals-hairless-kitten.jpg
000143.jpg,https://imgix.bustle.com/uploads/image/2019/4/24/430fcef4-8e07-4381-8c72-befbd3a3fa61-shutterstock_543250735.jpg
000144.jpg,http://image.shutterstock.com/z/stock-photo--white-cat-devon-rex-100150049.jpg
000145.jpg,https://thumbs.dreamstime.com/b/cat-devon-rex-19192530.jpg
000146.jpg,https://pictures-of-cats.org/wp-content/uploads/images/devon-rex-cat-on-blue.jpg
000147.jpg,http://31.media.tumblr.com/f832585dbd80b6151c4825560f865fe6/tumblr_mujksdby431skrdcoo2_1280.jpg
000148.jpg,https://s-media-cache-ak0.pinimg.com/736x/2c/97/0f/2c970f624b1b00b77640f06d40e45bff--devon-rex-mittens.jpg
000149.jpg,http://3.bp.blogspot.com/-9bFuKWH4Hsc/UArHP5JIPDI/AAAAAAAJQBg/RFZebxf9K3I/s1600/devon+rex+kittens+(10).jpg
000150.jpg,https://d2gg9evh47fn9z.cloudfront.net/800px_COLOURBOX3013793.jpg
000151.jpg,http://4.bp.blogspot.com/-qWC3y7Qyx-U/TeHbJAhHynI/AAAAAAAAB-o/Va89qQyoBIQ/w1200-h630-p-k-nu/The+Devon+Rex1.jpg
000152.jpg,https://thumbs.dreamstime.com/b/devon-rex-cat-black-backgound-see-my-other-works-portfolio-35088550.jpg
000153.jpg,https://thumbs.dreamstime.com/z/cat-devon-rex-19192534.jpg
000154.jpg,https://i.pinimg.com/originals/bf/a2/95/bfa2959b7c7a245e578d243e58b87b37.jpg
000155.jpg,http://thumbs.dreamstime.com/z/devon-rex-22517855.jpg
000156.jpg,https://thumbs.dreamstime.com/b/cat-devon-rex-19192529.jpg
000157.jpg,https://thumbs.dreamstime.com/z/devon-rex-breed-black-cat-17309029.jpg
000158.jpg,https://i.pinimg.com/originals/87/67/db/8767dbfa8dc0027241ef3747f3b95e89.jpg
000159.jpg,https://i.pinimg.com/originals/5f/2a/0e/5f2a0e88898eaa84a9e7c7a76b1727fb.jpg
000160.jpg,https://images.freeimages.com/images/premium/previews/1607/16073819-devon-rex-breed-black-cat.jpg
000161.jpg,https://thumbs.dreamstime.com/z/cat-devon-rex-19192532.jpg
000162.jpg,http://image.shutterstock.com/z/stock-photo-cat-devon-rex-115921201.jpg
000163.jpg,https://s-media-cache-ak0.pinimg.com/736x/32/56/67/32566760f763bf2647f760ef06b8ceb4.jpg
000164.jpg,https://s-media-cache-ak0.pinimg.com/736x/e7/55/e9/e755e97e8c237e5bb1f40ceab5273642.jpg
000165.jpg,https://s-media-cache-ak0.pinimg.com/736x/bf/16/dd/bf16dd2e55d0720c9e11a47362a8a85e.jpg
000166.jpg,http://thumb1.shutterstock.com/display_pic_with_logo/947305/130865588/stock-photo-white-cat-devon-rex-130865588.jpg
000167.jpg,https://s-media-cache-ak0.pinimg.com/236x/78/c7/7d/78c77da8cbc53bebde0d54d03c8fb03d.jpg
000168.jpg,https://i.pinimg.com/originals/d1/80/20/d18020b5078dcd7939c689904e95a683.jpg
000169.jpg,https://i.pinimg.com/originals/df/f1/db/dff1dba883e7a90a0e78fccb5f55b2cb.jpg
000170.jpg,https://s-media-cache-ak0.pinimg.com/736x/54/de/4c/54de4c772471d1a1a0624acb7445a3a9.jpg
000171.jpg,https://i.ytimg.com/vi/ENtrR7mHyBQ/hqdefault.jpg
000172.jpg,https://comps.canstockphoto.com.au/devon-rex-breed-black-cat-stock-photograph_csp39191098.jpg
000173.jpg,https://s-media-cache-ak0.pinimg.com/236x/82/4e/75/824e75aeb37f6c4fa3a55e96d9f91884.jpg
000174.jpg,https://s-media-cache-ak0.pinimg.com/236x/2a/e4/81/2ae48143ad43b666d3ba3439944211f6.jpg
000175.jpg,https://s-media-cache-ak0.pinimg.com/736x/f3/c9/8d/f3c98d4f5bd9f6a821be3392155df416--devon-rex-cats-sphinx-cat.jpg
000176.jpg,http://thumb1.shutterstock.com/display_pic_with_logo/459187/459187,1325613452,254/stock-photo-cat-devon-rex-on-white-background-91888610.jpg
000177.jpg,http://thumb7.shutterstock.com/display_pic_with_logo/428239/138265235/stock-photo-sitting-devon-rex-cat-looking-left-isolated-on-white-background-138265235.jpg
000178.jpg,https://s-media-cache-ak0.pinimg.com/736x/80/29/19/802919e5a824adff3daae3edba455dcc--hairless-cats-sphynx-cat.jpg
000179.jpg,https://i.pinimg.com/originals/2f/55/33/2f5533ddd7c9ce5bee94038e8ccf400a.jpg
000180.jpg,https://i.pinimg.com/736x/db/bc/e1/dbbce189da3ad08c340159c2e8f33ebc--sphinx-cat-hairless-cats.jpg
000181.jpg,https://s-media-cache-ak0.pinimg.com/originals/40/62/6c/40626c1020a3242e692e46933c4d2612.jpg
000182.jpg,https://i.pinimg.com/236x/31/0f/f0/310ff0627274a85795a3d2047b8b76af--cornish-rex-unique.jpg
000183.jpg,http://4.bp.blogspot.com/-Voh743t9Yrs/T69UjULK5QI/AAAAAAAADIs/CIJwzLpYHZ4/s400/Cat+Whiskers1.jpg
000184.jpg,https://img0.etsystatic.com/000/0/6669378/il_570xN.365759438.jpg
000185.jpg,http://thumb1.shutterstock.com/display_pic_with_logo/459187/459187,1303035180,20/stock-photo-cat-devon-rex-on-white-background-75408832.jpg
000186.jpg,https://s-media-cache-ak0.pinimg.com/236x/06/1c/0c/061c0c3c5acfb2232972144282c228d3.jpg
000187.jpg,https://i.pinimg.com/originals/81/73/da/8173da2d924db56f6feb7364af910e3c.jpg
000188.jpg,https://i.pinimg.com/736x/3f/6a/b5/3f6ab523404700b633d57b53a0416b10--sphynx-kat-most-expensive.jpg
000189.jpg,https://i.pinimg.com/236x/92/3f/0a/923f0a91c135494c7af8485337775c40--clothing-sphynx.jpg
000190.jpg,https://i.pinimg.com/736x/e7/6b/38/e76b386c62ec596acd5216f8537949c5--cornish-rex-devon-rex.jpg
000191.jpg,https://i.ytimg.com/vi/JTKbSgCmwlY/mqdefault.jpg
000192.jpg,http://image.shutterstock.com/z/stock-photo-brown-cat-devon-rex-121980310.jpg
000193.jpg,https://i.pinimg.com/236x/0e/83/ec/0e83ec6c17e26a8f1309b1e3a7163fb7--baby-fabric-pet-gifts.jpg
000194.jpg,https://s-media-cache-ak0.pinimg.com/736x/d1/a4/43/d1a44344b73a27f1c10f342e3ffee4d7--cornish-rex-cat-devon-rex.jpg
000195.jpg,https://i.pinimg.com/originals/c1/07/10/c1071055c02dce3e14843003327c0db5.jpg
000196.jpg,https://i.pinimg.com/736x/78/fb/18/78fb189e15abd60e203b21194857f49b--crazy-cat-lady-crazy-cats.jpg
000197.jpg,https://i.pinimg.com/736x/75/85/89/75858911942fc19a045fc9f31f049757--cats-for-adoption-devon-rex.jpg
000198.jpg,https://s-media-cache-ak0.pinimg.com/736x/4a/aa/cf/4aaacfaa4230d4db35e4de3ed26ba064--cornish-rex-cat-devon.jpg
000199.jpg,https://img0.etsystatic.com/000/0/6669378/il_214x170.365760826.jpg
000200.jpg,https://www.rd.com/wp-content/uploads/2020/08/high-angle-view-of-devon-rex-cat-sitting-in-litter-box-curiously-looking-at-up-stock-photo.jpg
000201.jpg,https://petsfeed.co/wp-content/uploads/2020/09/Cat-Breeds-Selkirk-Rex-1024x538.jpg
000202.jpg,https://i.pinimg.com/originals/ac/23/f7/ac23f74544e8405cc443f668778925bc.jpg
000203.jpg,https://imagesvc.meredithcorp.io/v3/mm/image?url=https%3A%2F%2Fstatic.onecms.io%2Fwp-content%2Fuploads%2Fsites%2F47%2F2020%2F08%2F02%2Fdevon-rex-kitten-cat-tree-467183149-2000.jpg
000204.jpg,https://meowoff.us/wp-content/uploads/2019/06/118569720_772218033594447_2735573742237024778_n.jpg
000205.jpg,https://meowoff.us/wp-content/uploads/2019/06/118586285_1018937295230602_388465889305843170_n.jpg
000206.jpg,https://meowoff.us/wp-content/uploads/2019/06/118622928_300337614531583_2869103471364579399_n.jpg
000207.jpg,https://meowoff.us/wp-content/uploads/2019/05/118517532_664418200842260_4130663153479093360_n.jpg
000208.jpg,https://meowoff.us/wp-content/uploads/2019/06/118627067_2666534476948979_5426477001191430275_n.jpg
000209.jpg,http://neon-cat.com/yahoo_site_admin/assets/images/Nea_sits_for_a_photo_-_Lisa_Long_2-3-14.33214438_std.jpg
000210.jpg,https://petsfeed.co/wp-content/uploads/2020/09/Cat-Breeds-American-Wirehair-1024x538.jpg
000211.jpg,https://meowoff.us/wp-content/uploads/2019/04/изображение_viber_2020-08-31_21-.jpg
000212.jpg,https://meowoff.us/wp-content/uploads/2019/05/118558528_307090767281119_6446817023987506214_n.jpg
000213.jpg,https://meowoff.us/wp-content/uploads/2019/05/118563534_1208168296185690_5477690703681100073_n.jpg
000214.jpg,https://meowoff.us/wp-content/uploads/2019/05/118563148_1000311457151001_2870448091903627111_n.jpg
000215.jpg,https://petsfeed.co/wp-content/uploads/2020/09/Cat-Breeds-manx-1024x538.jpg
000216.jpg,https://meowoff.us/wp-content/uploads/2019/05/118617373_303009860793496_8298392247915103536_n.jpg
000217.jpg,https://meowoff.us/wp-content/uploads/2019/05/118539432_993123764472772_6614433518295448996_n.jpg
000218.jpg,https://meowoff.us/wp-content/uploads/2019/04/изображение_viber_2020-08-31_21-34-.jpg
000219.jpg,https://meowoff.us/wp-content/uploads/2019/05/118655945_2617569041891683_4487003818659726508_n.jpg
000220.jpg,https://meowoff.us/wp-content/uploads/2019/05/118587054_2755190981426575_6124105654729139470_n.jpg
000221.jpg,https://i.pinimg.com/736x/fa/50/64/fa5064391730ea2c686267bbfe8f3bcf--sphinx-cat-hairless-cats.jpg
000222.jpg,https://gokitty.com/uploads/kitten_photo/medium/5f4e34d64151a-0-02-04-a77d48abca81f631d8af7abb70e504d6825ea126f73d8db9d82ec1aad4c3cfb4_c50481d5.jpg
000223.jpg,https://petsfeed.co/wp-content/uploads/2020/09/Cat-Breeds-Abyssinian-1024x538.jpg
000224.jpg,https://meowoff.us/wp-content/uploads/2019/04/изображение_viber_2020-08-31_21-34-25.jpg
000225.jpg,https://meowoff.us/wp-content/uploads/2020/08/viber_image_2020-08-31_12-59-15.jpg
000226.jpg,https://meowoff.us/wp-content/uploads/2020/08/117771687_657598965155926_5484247408684840951_n.jpg
000227.jpg,https://i.pinimg.com/originals/f4/bf/d9/f4bfd9dc1df7d12abb3fc3a041a9164b.jpg
000228.jpg,https://meowoff.us/wp-content/uploads/2019/04/изображение_viber_2020-08-31_21-34-26.jpg
000229.jpg,https://petsfeed.co/wp-content/uploads/2020/09/Cat-Breeds-Norwegian-Forest-Cat-1024x538.jpg
000230.jpg,https://meowoff.us/wp-content/uploads/2020/08/117907283_309803700247875_536266598618939674_n.jpg
000231.jpg,https://imagesvc.meredithcorp.io/v3/mm/image?url=https%3A%2F%2Fstatic.onecms.io%2Fwp-content%2Fuploads%2Fsites%2F47%2F2020%2F08%2F02%2Fwhite-cornish-rex-beach-93122953-2000.jpg
000232.jpg,https://meowoff.us/wp-content/uploads/2020/08/118615190_733314717523118_237502833923538352_n.jpg
000233.jpg,https://image.spreadshirtmedia.com/image-server/v1/mp/products/T752A2MPA3619PT17X0Y22D13029159FS2934/views/1,width=550,height=550,appearanceId=2,backgroundColor=F2F2F2,modelId=506,crop=list,version=1572062918,modelImageVersion=1586243065/devon-rex-2-womens-flowy-tank-top.jpg
000234.jpg,https://meowoff.us/wp-content/uploads/2020/08/118403145_3338472829565055_7823711896840689201_n.jpg
000235.jpg,https://www.worldkittens.com/images/cats/kitten6090.jpg
000236.jpg,https://meowoff.us/wp-content/uploads/2020/08/IMG-39361413d26f6ecf0228174b4a56955e-V.jpg
000237.jpg,https://meowoff.us/wp-content/uploads/2020/08/118607845_330844854705988_8631445481949666484_n.jpg
000238.jpg,https://cdn.designbyhumans.com/i/e730e8S0q2MjYEQZ2UzCKrgqL8lNLkkhj9lNTizPS8-DKjGH1jY5MY_VJDIxMjIAuoKtfK0NKgwsjCVCfJylCnAIhTK0qssgrSAQ.pr775582-2-3976072.jpg
000239.jpg,https://petsfeed.co/wp-content/uploads/2020/09/Cat-Breeds-Sphynx-1024x538.jpg
000240.jpg,https://meowoff.us/wp-content/uploads/2019/04/изображение_viber_2020-08-31_21-34-27.jpg
000241.jpg,https://thumbs.dreamstime.com/thumbimg_1919/19192536.jpg
000242.jpg,https://st4.depositphotos.com/5482996/26957/i/1600/depositphotos_269575364-stock-photo-black-cat-in-grass.jpg
000243.jpg,https://psibzik.pl/environment/cache/images/500_500_productGfx_7334/Zestaw-3-pudelek.jpg
000244.jpg,https://imagesvc.meredithcorp.io/v3/mm/image?url=https%3A%2F%2Fstatic.onecms.io%2Fwp-content%2Fuploads%2Fsites%2F47%2F2020%2F08%2F02%2Foriental-shorthair-cat-blue-eyes-513801220-2000.jpg
000245.jpg,https://psibzik.pl/environment/cache/images/500_500_productGfx_7331/termos-koty.jpg
000246.jpg,https://imagesvc.meredithcorp.io/v3/mm/image?url=https%3A%2F%2Fstatic.onecms.io%2Fwp-content%2Fuploads%2Fsites%2F47%2F2020%2F08%2F01%2Fsphynx-cat-window-1256451149-2000.jpg
000247.jpg,https://i.pinimg.com/736x/ea/c4/bf/eac4bf012f21f42f6e02cc0c44dfdf66--massage-sphinx-cat.jpg
000248.jpg,https://figopetinsurance.com/sites/default/files/styles/blog_main_comp/public/imagecatskitten-sitting-obediently-litter-boxblog.jpg
000249.jpg,https://imagesvc.meredithcorp.io/v3/mm/image?url=https%3A%2F%2Fstatic.onecms.io%2Fwp-content%2Fuploads%2Fsites%2F47%2F2020%2F08%2F02%2Fbengal-cat-sitting-outside-178394056-2000.jpg
000250.jpg,https://spcala.com/wp-content/uploads/pet-images/21-00004.jpg
000251.jpg,http://neon-cat.com/yahoo_site_admin/assets/images/Leonidas_Grey_-_King_of_high_places_-_Megan_Dozier_3-6-16.35174142_std.jpg
000252.jpg,https://s3.amazonaws.com/filestore.rescuegroups.org/5209/pictures/animals/15929/15929124/73786303_500x333.jpg
000253.jpg,http://neon-cat.com/yahoo_site_admin/assets/images/Girl_power_8-18-16.295193917_std.jpg
000254.jpg,https://gokitty.com/uploads/kitten_photo/medium/5f528dcb2e2c3-0-04-01-02cd0ef1458eccd64356b6f1c5f0d556407f2ce7bbb67f3f1ae1893b4c170fb4_dace271c.jpg
000255.jpg,https://gokitty.com/uploads/kitten_photo/medium/5f4fba491b739-0-02-0a-3cdb2909a8b76816af465ea60baa99f9b8f356be73f2787b19ed011b87caabc1_4e6be45f.jpg
000256.jpg,https://gokitty.com/uploads/kitten_photo/medium/5f4fbc553c331-0-02-05-dcd6bc4b555057a4bdd475c7d9dcaea64d4e20d3d95bc4e5a15da21f03f4a839_2e79a797.jpg
000257.jpg,https://s-media-cache-ak0.pinimg.com/736x/4a/32/20/4a3220864ebfc550638319f70a3df48a.jpg
000258.jpg,http://neon-cat.com/yahoo_site_admin/assets/images/Leia_contemplates_the_new_feeder_-_4_and_a_half_months_old_8-24-18.316105922_std.jpg
000259.jpg,https://s3.amazonaws.com/filestore.rescuegroups.org/5209/pictures/animals/15929/15929124/73786303_3888x2592.jpg
