image,source
000001.jpg,https://i.pinimg.com/originals/5c/2c/44/5c2c44f16da1caf134c00bc4f9c72ea0.jpg
000002.jpg,https://i.pinimg.com/originals/bf/8f/0c/bf8f0c42ceaeb5abaf1e3d4be74c742e.jpg
000003.jpg,https://d.newsweek.com/en/full/611195/omar-maine-coon.jpg
000004.jpg,https://www.mainepublic.org/sites/mpbn/files/styles/x_large/public/201605/MaineCoonSilverTabby.jpg
000005.jpg,https://www.thehappycatsite.com/wp-content/uploads/2018/02/Maine-Coon-Cats-HC-long-1024x555.jpg
000006.jpg,https://glamorouscats.com/wp-content/uploads/2020/04/maine-coon-vs-Norwegian-Forest.jpg
000007.jpg,http://www.pethealthnetwork.com/sites/default/files/maine-coon-cat-484757920.jpg
000008.jpg,https://geekologie.com/2019/08/28/crazy-maine-coon-cat.jpg
000009.jpg,https://www.purina.com.au/-/media/Project/Purina/Main/Breeds/Cat/Mobile/Cat_Maine-Coon_Mobile.jpg
000010.jpg,https://static.boredpanda.com/blog/wp-content/uploads/2015/11/maine-coon-cats-24__605.jpg
000011.jpg,https://sbly-web-prod-shareably.netdna-ssl.com/wp-content/uploads/2019/01/11082120/main_coon_cat_internet_featured.jpg
000012.jpg,https://i.ytimg.com/vi/9gws6UGyNDk/maxresdefault.jpg
000013.jpg,https://i.pinimg.com/originals/eb/86/4a/eb864a10e412c6842939144ee296e382.jpg
000014.jpg,https://images2.minutemediacdn.com/image/upload/c_fill,g_auto,h_1248,w_2220/v1555342701/shape/mentalfloss/mainecoonhed.png
000015.jpg,http://www.kalarscats.com/assets/Gus_with_Rons_granddaughter.jpg
000016.jpg,http://www.animalslook.com/media/big-fluffy-and-definitely-adorable-maine-coon-cat-10-pictures/big-fluffy-and-definitely-adorable-maine-coon-cat-10-pictures-1.jpg
000017.jpg,https://www.holidogtimes.com/wp-content/uploads/2018/03/never-adopt-a-maine-coon-cat-1-810x410.png
000018.jpg,https://www.prestigeanimalhospital.com/sites/default/files/styles/large/adaptive-image/public/maine-coon-cat-breed-info.jpg
000019.jpg,https://mymodernmet.com/wp/wp-content/uploads/2019/01/maine-coon-cat-photography-28.jpg
000020.jpg,https://westparkanimalhospital.com/wp-content/uploads/2019/05/WestPark_iStock-600994082-1024x706-1.jpg
000021.jpg,https://metro.co.uk/wp-content/uploads/2016/08/maine-coon-cat-photography-robert-sijka-67-57ad952ba9cac__880.jpg
000022.jpg,http://justsomething.co/wp-content/uploads/2018/11/meet-lotus-the-huge-fluffy-maine-coon-cat-thats-going-viral-on-instagram-758x397.jpg
000023.jpg,https://i2.wp.com/felineliving.net/wp-content/uploads/2018/03/Norwegian-Forest-Cat-vs-Maine-Coon-e1522097169984.jpg
000024.jpg,https://persiancatcorner.com/wp-content/uploads/2018/11/Persian-Cat-Vs-Maine-Coon.png
000025.jpg,https://www.vetwest.com.au/sites/default/files/styles/large/public/images/article/maine-coon.jpg
000026.jpg,https://www.thehappycatsite.com/wp-content/uploads/2018/06/savannah-cat-vs-maine-coon-1024x555.jpg
000027.jpg,https://www.spirritz.co.uk/uploads/2/2/3/1/22314246/spirritz-fireonice-2020-maine-coon-cat-calendar_orig.jpg
000028.jpg,https://i.pinimg.com/originals/2f/aa/49/2faa493bc88a404cbdb3044222b925eb.jpg
000029.jpg,https://www.iizcat.com/uploads/2016/09/0fndy-ludo1.jpg
000030.jpg,https://cdn.hswstatic.com/gif/0.jpg
000031.jpg,https://mainecoon.org/wp-content/uploads/2017/05/33155408931_d8c3014ee7_c.jpg
000032.jpg,https://www.zooplus.co.uk/magazine/wp-content/uploads/2019/03/maine-coon-cat-breed.jpg
000033.jpg,https://www.demilked.com/magazine/wp-content/uploads/2016/08/biggest-maine-coon-cat-photography-robert-sijka-thumb640.jpg
000034.jpg,https://pictures-of-cats.org/wp-content/uploads/2016/03/maine-coon-cat-in-india-x.jpg
000035.jpg,https://www.killarneycat.com/wp-content/uploads/sites/19/2018/04/Screen-Shot-2018-04-19-at-3.30.48-PM.png
000036.jpg,https://magarticles.magzter.com/articles/5318/404729/5e8f22a33994b/1586438577588.jpg
000037.jpg,https://cdn.shopify.com/s/files/1/0275/0325/files/maine-coon-cat-photography-robert-sijka-65-57ad8f2e15bd3__880_large.jpg
000038.jpg,https://www.clipartkey.com/mpngs/m/101-1010691_collection-of-free-vector-cat-persian-cat-maine.png
000039.jpg,https://wl-brightside.cf.tsp.li/resize/728x/jpg/e3e/d64/10a8305739b56c6c3981dabe81.jpg
000040.jpg,https://images-na.ssl-images-amazon.com/images/I/71xBXbWOdEL.jpg
000041.jpg,https://geniusvets.s3.amazonaws.com/gv-cat-breeds/Maine-Coon-1.jpg
000042.jpg,https://img5.goodfon.com/wallpaper/nbig/7/e9/kot-mein-kun-cat-maine-coon.jpg
000043.jpg,http://justsomething.co/wp-content/uploads/2019/02/28-tiny-maine-coon-kittens-that-are-actually-giants-in-the-making-758x397.jpg
000044.jpg,https://i.redd.it/f8m1kd2r0k721.jpg
000045.jpg,https://petskb.com/wp-content/uploads/2018/12/cats-maine-coon-5-1024x683.jpg
000046.jpg,https://mainecooncentral.com/wp-content/uploads/2019/11/Can-You-Be-Allergic-To-Maine-Coon-Cats.jpg
000047.jpg,https://c0.wallpaperflare.com/preview/931/661/250/cat-maine-coon-tongue-grooming.jpg
000048.jpg,https://bloximages.newyork1.vip.townnews.com/thepilot.com/content/tncms/assets/v3/editorial/2/4c/24cd4520-9b9e-11ea-afcb-bb029f468d99/5ec6dea2f117f.image.png
000049.jpg,https://img.srgcdn.com/e//UHExdlpaakpaMkVPTkZWRHhnWWQuanBn.jpg
000050.jpg,https://mainecoonexpert.com/wp-content/uploads/2018/09/mainecoonhypo1-780x400.jpg
000051.jpg,https://www.thehappycatsite.com/wp-content/uploads/2018/06/maine-coon-norwegian-forest-cat-mix-header-1024x555.jpg
000052.jpg,http://www.opsopet.com/wp-content/uploads/2017/06/Maine-Coon.jpg
000053.jpg,https://i.redd.it/t6nxbj3uoot41.jpg
000054.jpg,https://38oaizxk9r32v4vd3id0mm1a-wpengine.netdna-ssl.com/wp-content/uploads/2016/08/maine-coon-cat_sm-768x432.jpg
000055.jpg,https://i0.wp.com/www.mainecoonguide.com/wp-content/uploads/2019/05/Do-Maine-Coon-Cats-Shed.jpg
000056.jpg,https://img.artpal.com/185/2-18-7-31-8-30-35m.jpg
000057.jpg,https://thumbs.dreamstime.com/z/you-ever-see-maine-coon-cat-like-persian-true-different-137998683.jpg
000058.jpg,https://cvm.ncsu.edu/wp-content/uploads/2017/05/Fotolia_125718700_Subscription_Monthly_M.jpg
000059.jpg,https://mainecoonexpert.com/wp-content/uploads/2018/07/mainecoongrowth-783x400.jpg
000060.jpg,https://www.cathealth.com/images/maine_coon_cat_interview_article.jpg
000061.jpg,https://www.guildinsurance.com.au/images/librariesprovider3/breed-images/cat_maine-coon.jpg
000062.jpg,https://i.ytimg.com/vi/eMEGt0MIPQY/maxresdefault.jpg
000063.jpg,https://cdn.pixabay.com/photo/2020/05/27/10/09/kathy-5226614__340.jpg
000064.jpg,https://www.catster.com/wp-content/uploads/2015/06/600-cremsicle-maine-coon.jpg
000065.jpg,https://s1.1zoom.me/b5050/477/Cats_Maine_Coon_Kittens_Black_background_Four_4_570461_1600x1200.jpg
000066.jpg,https://cdn.imgbin.com/12/8/0/imgbin-persian-cat-maine-coon-norwegian-forest-cat-munchkin-cat-pet-sitting-persian-xc6eVseNeKAWg7th94r0BYHk9.jpg
000067.jpg,https://i2.wp.com/livelongandpawspurr.com/wp-content/uploads/2019/07/bee-felten-leidel-cUsymWBJj3k-unsplash-1.jpg
000068.jpg,https://upload.wikimedia.org/wikipedia/commons/4/4d/Cat-MaineCoon-BeckoningAshanti.png
000069.jpg,https://mymodernmet.com/wp/wp-content/uploads/archive/5LJIaEyCgXUHj3RMK6qp_robertsijka1.jpg
000070.jpg,https://i.pinimg.com/originals/b5/14/49/b51449210e2916eb89c612adb11b3bfc.jpg
000071.jpg,https://i.pinimg.com/originals/6b/33/dc/6b33dcc2c854f54de0ae6f6f8ff72eaf.jpg
000072.jpg,https://wl-brightside.cf.tsp.li/resize/728x/jpg/7cd/c22/5edc5150bc9752249a0f93f758.jpg
000073.jpg,https://trupanion.com/-/media/trupanion/images/breed--guide--new/maine--coon/maine-coon.jpg
000074.jpg,https://miro.medium.com/max/1254/0*ehp-gM3uqvPQ3ooN.jpg
000075.jpg,http://www.mainecoonlover.info/wp-content/uploads/2019/09/Fact-About-Maine-Coon-Cats-Characteristics-And-Physical-630x380.jpg
000076.jpg,https://petskb.com/wp-content/uploads/2020/05/Two-cats-in-a-basket-1024x768.jpg
000077.jpg,https://i2.wp.com/metro.co.uk/wp-content/uploads/2016/08/maine-coon-cat-photography-robert-sijka-67-57ad952ba9cac__880.jpg
000078.jpg,https://mainecoon.org/wp-content/uploads/2017/06/maine-coon-cat-2228866_1920.jpg
000079.jpg,https://magarticles.magzter.com/articles/5318/404729/5e8f22a33994b/What-You-Dont-Know-AboutMaine-Coon-Cats.jpg
000080.jpg,https://petskb.com/wp-content/uploads/2018/11/Can-Maine-Coons-Live-With-Other-Cats-1.jpg
000081.jpg,https://www.wayofcats.com/blog/wp-content/uploads/2018/03/463F3A76-A616-4121-B8FE-3340C325EB7C.png
000082.jpg,https://images-na.ssl-images-amazon.com/images/I/71os+cXuTnL.jpg
000083.jpg,https://i.ytimg.com/vi/9gws6UGyNDk/maxresdefault.jpg
000084.jpg,http://3.bp.blogspot.com/-FA48ZccsgWI/T3awl1AiIXI/AAAAAAAABig/H-9EbidKqLU/s1600/Maine+Coon+Cat+Wallpapers+3.jpg
000085.jpg,http://1.bp.blogspot.com/-0W0pAB-Lk80/T9t_6msO_JI/AAAAAAAAPaA/1qLV3T7w7-0/s1600/all-in-onewallpapersfortollyto3d.blogspot+%285%29.jpg
000086.jpg,https://i.ytimg.com/vi/aG2IsyzJsvM/hqdefault.jpg
000087.jpg,https://vetstreet.brightspotcdn.com/dims4/default/2a5cd80/2147483647/thumbnail/645x380/quality/90/?url=https%3A%2F%2Fvetstreet-brightspot.s3.amazonaws.com%2F50%2Ff6%2Fc9374cbb4cdb87ab1ef6470ff619%2FMaine-Coon-AP-3OLEOB-645sm3614.jpg
000088.jpg,http://4.bp.blogspot.com/-XWoSScBmJ_I/T1SoO4vZp_I/AAAAAAAAAsQ/wxaKY3FMhG4/s1600/Domestic+Cat+Maine+Coon+Silver+4.jpg
000089.jpg,https://1.bp.blogspot.com/-_LJW19PmBLQ/T1SoT1HXhTI/AAAAAAAAAsY/g2oCY2X_Z6g/s1600/Domestic+Cat+Maine+Coon+Silver.jpg
000090.jpg,http://3.bp.blogspot.com/-eznrVrHA--E/T1SoIAmevnI/AAAAAAAAAsI/EebiB_AtXBw/s1600/Domestic+Cat+Maine+Coon+Silver+3.jpg
000091.jpg,https://s-media-cache-ak0.pinimg.com/736x/f5/dc/10/f5dc10fa340de06f01b1f6c7964d36a2.jpg
000092.jpg,https://i.ytimg.com/vi/CMzjPEEHFCw/maxresdefault.jpg
000093.jpg,https://static.boredpanda.com/blog/wp-content/uploads/2017/03/maine-coon-cat-pixel-21-58da07c2bc727__700.jpg
000094.jpg,http://3.bp.blogspot.com/-7VsN0RKMrAc/UUXlARR2MzI/AAAAAAAAACs/CtfuTOy1IsQ/s1600/maine_coon_1.jpg
000095.jpg,https://s-media-cache-ak0.pinimg.com/736x/da/64/b5/da64b51ff7af85395748ea2282fd51c1--forest-cat-maine-coon-cats.jpg
000096.jpg,https://cdn.pixabay.com/photo/2016/05/14/13/29/cat-1391852_960_720.jpg
000097.jpg,https://s-media-cache-ak0.pinimg.com/736x/32/1d/cb/321dcb505d113111d5c022ff9b40038c--fluffy-cat-calico-cats.jpg
000098.jpg,http://3.bp.blogspot.com/-_E8C8RqJtg4/UKeBVt8no0I/AAAAAAAABZA/2JQuddt06cQ/s1600/Maine_Coon_Picture.jpg
000099.jpg,https://i.ytimg.com/vi/A0w1ZOxRYYI/maxresdefault.jpg
000100.jpg,http://www.statesymbolsusa.org/sites/statesymbolsusa.org/files/primary-images/catmainecooncat.jpg
000101.jpg,http://4.bp.blogspot.com/_B_UYivug_UY/S95L1fiqEhI/AAAAAAAAAWc/a0w0XjyBoGk/s1600/maine+coon2.jpg
000102.jpg,https://kittentoob.com/wp-content/uploads/2015/04/32-640x377.jpg
000103.jpg,https://s-media-cache-ak0.pinimg.com/736x/fe/ef/68/feef683a6059636258377285a60d28d6--norwegian-forest-cat-funny-animals.jpg
000104.jpg,https://s-media-cache-ak0.pinimg.com/736x/4a/9d/c5/4a9dc5fc87b69541b0845247310d6d43--toe-kitten.jpg
000105.jpg,https://d.newsweek.com/en/full/611195/omar-maine-coon.jpg
000106.jpg,https://i.pinimg.com/736x/b3/67/b2/b367b23111067dffd87776eb99625d3f--dark-forest-maine-coon-kittens.jpg
000107.jpg,http://mainecoonadmirer.com/wp-content/uploads/2016/06/Females.jpg
000108.jpg,http://vuing.com/wp-content/uploads/2016/08/biggest-cat-maine-coon-photographs-11-800x1000.jpg
000109.jpg,https://s-media-cache-ak0.pinimg.com/736x/0b/d2/56/0bd2560c4afe16aa6f5878dfbe2d5767--maine-coon-cats-baby-cats.jpg
000110.jpg,https://i.pinimg.com/originals/5f/ff/5c/5fff5c8d4a97503b5c45ab0d43e992aa.jpg
000111.jpg,http://viral.dog/wp-content/uploads/2015/11/big-cats-maine-coons-52__300.jpg
000112.jpg,https://i.pinimg.com/originals/db/e3/fd/dbe3fda46a13dd3baa8830e368f6028e.jpg
000113.jpg,https://s-media-cache-ak0.pinimg.com/736x/92/9c/5f/929c5f07a2aa888f4b183e29eb143f2c--maine-coon-kittens-cat-cat.jpg
000114.jpg,http://cdn.akc.org/content/article-body-image/maine_coon_cat.jpg
000115.jpg,https://cdn.pixabay.com/photo/2016/02/18/20/26/cat-1208013_640.jpg
000116.jpg,http://pleated-jeans.com/wp-content/uploads/2016/10/big-cats-maine-coons-51__605.jpg
000117.jpg,http://animalaxy.fr/wp-content/uploads/2017/08/maine-coon-cat-2228866_960_720-758x569.jpg
000118.jpg,https://c1.staticflickr.com/7/6142/6036020168_d40a3c118b_b.jpg
000119.jpg,https://cdn.pixabay.com/photo/2016/02/22/11/49/cat-1215358_960_720.jpg
000120.jpg,https://i.pinimg.com/originals/42/a7/02/42a70245d1e7caad748defe212792226.jpg
000121.jpg,https://i.ytimg.com/vi/eMEGt0MIPQY/maxresdefault.jpg
000122.jpg,https://i.pinimg.com/originals/e4/62/28/e4622827265a57de66c0ebf0806c7dd1.jpg
000123.jpg,https://s-media-cache-ak0.pinimg.com/736x/ea/71/4d/ea714d75f2c4b4a3c5041ab38f600033--forest-cat-maine-coon-cats.jpg
000124.jpg,https://i.pinimg.com/originals/f7/66/32/f7663289341ac7a532c642f95705cf6d.jpg
000125.jpg,https://s-media-cache-ak0.pinimg.com/736x/c0/a6/20/c0a62087e0c2547717954ac5b83fba4e.jpg
000126.jpg,https://s-media-cache-ak0.pinimg.com/736x/77/7b/fc/777bfcbb2e2a8101b7f63b912195685d--norwegian-forest-cat-maine-coon.jpg
000127.jpg,https://s-media-cache-ak0.pinimg.com/736x/4b/e6/e0/4be6e08cf8e30460ddc01a7a480924c8.jpg
000128.jpg,http://wallup.net/wp-content/uploads/2016/10/12/397149-cat-Maine_Coon.jpg
000129.jpg,http://4.bp.blogspot.com/-6cSl-WvYBLI/TVQ8WbZqS7I/AAAAAAAAAA4/2ayq-h9PS_k/s1600/large-maine-coon-cat-1s.jpg
000130.jpg,https://assets3.thrillist.com/v1/image/2804351/size/tmg-article_tall;jpeg_quality=20.jpg
000131.jpg,https://i.pinimg.com/originals/a2/e7/11/a2e711757dbec11af46d968e669a67f0.jpg
000132.jpg,http://www.wallpapers4u.org/wp-content/uploads/cat_maine_coon_face_frustration_56179_1920x1080.jpg
000133.jpg,https://s-media-cache-ak0.pinimg.com/originals/50/af/88/50af88d6e339af199f1b6176adc1504b.jpg
000134.jpg,https://pictures-of-cats.org/wp-content/uploads/2013/02/Luna-cropped.jpg
000135.jpg,http://1.bp.blogspot.com/-hmFzEiToQBA/USJLJB25F3I/AAAAAAAAAV0/J7rbY7r_yDI/s1600/maine_coon-cat.jpg
000136.jpg,https://i.pinimg.com/originals/2e/45/e1/2e45e1cd65f35da05e5b79ae5f850e15.jpg
000137.jpg,https://i.pinimg.com/originals/bc/32/51/bc3251ed88fbc46d257c4fc0e64b8a77.jpg
000138.jpg,https://www.helpinglostpets.com/images/Pets/1381710.jpg
000139.jpg,https://i.pinimg.com/originals/b8/45/6b/b8456bdc17e6f4a690815e3125537334.jpg
000140.jpg,https://www.helpinglostpets.com/images/Pets/896171.jpg
000141.jpg,https://s-media-cache-ak0.pinimg.com/originals/9c/cb/dd/9ccbdd627ca430e75e208bcc9405e274.jpg
000142.jpg,http://media.nj.com/ledgerlocal/photo/11298703-large.jpg
000143.jpg,https://s-media-cache-ak0.pinimg.com/736x/38/4e/b4/384eb45bd8c0b09659a743ff815668ce.jpg
000144.jpg,https://www.baldivisvet.com.au/wp-content/uploads/2017/10/cat_maine_coon_fluffy_look_96651_1920x1080-e1511955809954.jpg
000145.jpg,https://i.pinimg.com/originals/38/a4/46/38a4466fa1bc632a670a27d92fd95daa.jpg
000146.jpg,https://i.pinimg.com/originals/1e/45/d5/1e45d5e05634c5a003e93485ad9a54b0.jpg
000147.jpg,http://www.maine-coon-cat-nation.com/images/trying-to-figure-out-if-my-cat-is-maine-coon-or-not-21414384.jpg
000148.jpg,https://www.meme-arsenal.com/memes/bfffc02700629d16a43e0d255524a4ae.jpg
000149.jpg,https://www.felineliving.net/wp-content/uploads/2018/03/Norwegian-Forest-Cat-vs-Maine-Coon-e1522097169984-150x135.jpg
000150.jpg,https://i.pinimg.com/736x/26/29/ab/2629ab4c1b3f8b4370a83147985c992a--cat-cat-kitty-cats.jpg
000151.jpg,https://i.pinimg.com/736x/fc/d3/e3/fcd3e3a9aded251e974be9389b5fdeb6--suzanne-happy-animals.jpg
000152.jpg,https://i.pinimg.com/originals/7e/91/85/7e91858d0f29f05501dec9f950b0668a.jpg
000153.jpg,http://vuing.com/wp-content/uploads/2016/08/biggest-cat-maine-coon-photographs-1-800x534.jpg
000154.jpg,https://www.mediastorehouse.com/p/172/cat-maine-coon-mouth-open-showing-teeth-645230.jpg
000155.jpg,https://i.pinimg.com/736x/e5/b0/be/e5b0befbe9b30a28add3b041c42d30a4--maine-coon-cats-white-cats.jpg
000156.jpg,https://i.pinimg.com/originals/b9/ba/21/b9ba2160d87bbb950f45e0abf99dca5f.jpg
000157.jpg,https://i.pinimg.com/originals/75/d0/81/75d081acadfaf5b4a11f9376666d82d8.jpg
000158.jpg,https://i.pinimg.com/originals/77/63/73/77637375b8d7feb5a4cf8eb19fe66251.jpg
000159.jpg,https://s-media-cache-ak0.pinimg.com/736x/cd/40/7b/cd407b658e048e675f0a0ca3354ed16a--norwegian-forest-cat-maine-coon-cats.jpg
000160.jpg,https://s-media-cache-ak0.pinimg.com/originals/41/6b/20/416b2077c20aa82c04ca89488a040e1c.jpg
000161.jpg,https://i.ytimg.com/vi/H33mOzZ6lOA/maxresdefault.jpg
000162.jpg,https://i.pinimg.com/originals/31/15/8b/31158b2a18d7a5d205b621ec47732c7d.jpg
000163.jpg,https://s-media-cache-ak0.pinimg.com/originals/26/af/10/26af10259dfeaa1f8b2672527fb8b9d0.jpg
000164.jpg,https://s-media-cache-ak0.pinimg.com/736x/99/4b/34/994b34fffb086ce2a891d52ac3a79081.jpg
000165.jpg,https://s-media-cache-ak0.pinimg.com/736x/23/dc/21/23dc21a0250ca92c619b9f6aa08d0861.jpg
000166.jpg,https://data2.1freewallpapers.com/download/cat-maine-coon-fluffy.jpg
000167.jpg,https://images-na.ssl-images-amazon.com/images/I/51XIUhkisgL._SL500_AC_SS350_.jpg
000168.jpg,https://s-media-cache-ak0.pinimg.com/736x/68/4d/55/684d557a76be5c158ef2f06445d85474.jpg
000169.jpg,https://s-media-cache-ak0.pinimg.com/736x/cc/9d/94/cc9d94387e245fd2b8bb7d655960e9bc.jpg
000170.jpg,https://i.pinimg.com/736x/cf/f6/a2/cff6a2059618885c50ff8992460e3d7b.jpg
000171.jpg,https://s-media-cache-ak0.pinimg.com/736x/71/0f/88/710f88009bdd50277912c763108bef99--pretty-cats-beautiful-cats.jpg
000172.jpg,https://s-media-cache-ak0.pinimg.com/736x/21/c4/5d/21c45d01f97d1a921c5de8efddc45914.jpg
000173.jpg,https://i.pinimg.com/736x/8d/ae/19/8dae19e19259ca72a711556e65d069e9--learn-how-how-to-get.jpg
000174.jpg,https://s-media-cache-ak0.pinimg.com/736x/6c/0d/d8/6c0dd85e6efc82442063c927567cb8f5--winter-start-maine-coon-cats.jpg
000175.jpg,https://i.pinimg.com/736x/eb/a8/92/eba8923df28f1fcc09787e58be10fc09--cat-tails-maine-coon-cats.jpg
000176.jpg,https://i.pinimg.com/236x/69/58/03/6958033221e485ba99fc0abafd93cc4e--forest-cat-maine-coon-cats.jpg
000177.jpg,https://data2.1freewallpapers.com/download/cat-maine-coon-face.jpg
000178.jpg,https://img1.etsystatic.com/020/1/7156235/il_570xN.481698007_br9x.jpg
000179.jpg,https://i.pinimg.com/736x/78/cb/68/78cb684522ea4babdc1e825328f2a94a--norwegian-forest-cat-maine-coon-cats.jpg
000180.jpg,http://3.bp.blogspot.com/_36FERNalaa4/TLy1UImsIQI/AAAAAAAAAEc/v8m2anvwABQ/s1600/maine_coon_cat.jpg
000181.jpg,https://s-media-cache-ak0.pinimg.com/236x/38/0c/05/380c059e01472ab6aac60ce3cb5470d9--norwegian-forest-cat-maine-coon-cats.jpg
000182.jpg,https://c1.staticflickr.com/3/2522/5849850537_d04b031c7e.jpg
000183.jpg,https://i.ytimg.com/vi/zxJOtoZNSnA/maxresdefault.jpg
000184.jpg,http://www.animaldirection.com/mt-content/uploads/2016/02/thumbnails/cat_maine_coon_3135b_l_1200x899.jpg
000185.jpg,https://esadoctors.com/wp-content/uploads/2020/08/esa-cat-maine-coon.jpg
000186.jpg,https://www.barakaldotiendaveterinaria.es/3684-large_default/royal-canin-gato-kitten-maine-coon.jpg
000187.jpg,http://www.nwpphotoforum.com/ubbthreads/JM_Pieces/2010_Interviews/psmith/NorwegianForestCat.jpg
000188.jpg,https://mainecoonhawaii.com/wp-content/uploads/2020/08/Prestige-Cat-Trees-Maine-Coon-Cat-House-Review.jpg
000189.jpg,https://mainecoonhawaii.com/wp-content/uploads/2020/08/Royal-Canin-Maine-Coon-Dry-Cat-Food-Review-2.jpg
000190.jpg,https://media2.mewgag.com/media/2020/08/30-maine-coon-cats-that-will-make-your-cat-look-tiny-20.jpg
000191.jpg,https://media2.mewgag.com/media/2020/08/30-maine-coon-cats-that-will-make-your-cat-look-tiny-19.jpg
000192.jpg,https://cdn.fotofits.com/petzlover/gallery/img/l/maine-coon-881376.jpg
000193.jpg,https://cdn.fotofits.com/petzlover/gallery/img/l/maine-coon-881375.jpg
000194.jpg,https://media2.mewgag.com/media/2020/08/30-maine-coon-cats-that-will-make-your-cat-look-tiny-16.jpg
000195.jpg,https://media2.mewgag.com/media/2020/08/30-maine-coon-cats-that-will-make-your-cat-look-tiny-14.jpg
000196.jpg,https://media2.mewgag.com/media/2020/08/30-maine-coon-cats-that-will-make-your-cat-look-tiny-15.jpg
000197.jpg,https://mainecoonhawaii.com/wp-content/uploads/2020/08/1-1.jpg
000198.jpg,https://mainecoonhawaii.com/wp-content/uploads/2020/09/Royal-Canin-Maine-Coon-Kitten-Food-Review.jpg
000199.jpg,https://spotpetins.com/wp-content/uploads/2020/09/sergei-wing-RWElb9j7nlc-unsplash-scaled.jpg
000200.jpg,https://mainecoonhawaii.com/wp-content/uploads/2020/09/3-1.jpg
000201.jpg,https://media2.mewgag.com/media/2020/08/30-maine-coon-cats-that-will-make-your-cat-look-tiny-18.jpg
000202.jpg,https://media2.mewgag.com/media/2020/08/30-maine-coon-cats-that-will-make-your-cat-look-tiny-7.jpg
000203.jpg,https://media2.mewgag.com/media/2020/08/30-maine-coon-cats-that-will-make-your-cat-look-tiny-4.jpg
000204.jpg,https://mainecoonhawaii.com/wp-content/uploads/2020/08/2-1.jpg
000205.jpg,https://media2.mewgag.com/media/2020/08/30-maine-coon-cats-that-will-make-your-cat-look-tiny-10.jpg
000206.jpg,https://images0.dhd24.com/124510271_760x570.jpg
000207.jpg,https://mainecoonhawaii.com/wp-content/uploads/2020/08/3-1.jpg
000208.jpg,https://media2.mewgag.com/media/2020/08/30-maine-coon-cats-that-will-make-your-cat-look-tiny-5.jpg
000209.jpg,https://mainecoonhawaii.com/wp-content/uploads/2020/08/Maine-Coon-litter-box.jpg
000210.jpg,https://www.worldkittens.com/images/cats/kitten6090.jpg
000211.jpg,https://images0.dhd24.com/124570214_760x570.jpg
000212.jpg,https://animalpath.org/wp-content/uploads/2020/09/Ragdoll-vs-Maine-Coon.jpg
000213.jpg,https://mainecoonhawaii.com/wp-content/uploads/2020/09/best-slow-feeder-for-cats.jpg
000214.jpg,https://images0.dhd24.com/124559563_760x570.jpg
000215.jpg,https://media2.mewgag.com/media/2020/08/20200831_221842.jpg
000216.jpg,https://media2.mewgag.com/media/2020/08/20200831_221801.jpg
000217.jpg,https://mainecoonhawaii.com/wp-content/uploads/2020/08/best-brush-for-maine-coon.jpg
000218.jpg,https://media2.mewgag.com/media/2020/08/20200831_222332.jpg
000219.jpg,https://media2.mewgag.com/media/2020/08/20200831_222238.jpg
000220.jpg,https://mainecoonhawaii.com/wp-content/uploads/2020/08/2-2.jpg
000221.jpg,https://mainecoonhawaii.com/wp-content/uploads/2020/09/1-1.jpg
000222.jpg,https://media2.mewgag.com/media/2020/08/20200831_222141.jpg
000223.jpg,https://media2.mewgag.com/media/2020/08/20200831_222022.jpg
000224.jpg,https://media2.mewgag.com/media/2020/08/20200831_222408.jpg
000225.jpg,https://media2.mewgag.com/media/2020/08/20200831_221935.jpg
000226.jpg,https://www.deine-tierwelt.de/fotos/124585613_760x570.jpg
000227.jpg,https://da1urhpfd469z.cloudfront.net/uploads/advertphotos/20/0817/42483824-370-640x853.jpg
000228.jpg,https://images0.dhd24.com/124534613_760x570.jpg
000229.jpg,https://www.indianamainecoons.com/uploads/1/0/9/4/109456593/lincolnn.jpg
000230.jpg,https://www.breedersonline.co.uk/uploads/64612_23825_1598784311.jpg
000231.jpg,https://www.indianamainecoons.com/uploads/1/0/9/4/109456593/dsc-0125.jpg
000232.jpg,https://www.indianamainecoons.com/uploads/1/0/9/4/109456593/dsc-0156.jpg
