image,source
000001.jpg,https://i.pinimg.com/originals/5d/6f/6b/5d6f6b0e215c74da773b6d535a8c4494.jpg
000002.jpg,https://images2.minutemediacdn.com/image/upload/c_fill,g_auto,h_1248,w_2220/v1555382975/shape/mentalfloss/sphinxhed.png
000003.jpg,https://i.ytimg.com/vi/_-ssNsbP7wA/maxresdefault.jpg
000004.jpg,https://upload.wikimedia.org/wikipedia/commons/e/e8/Sphinx2_July_2006.jpg
000005.jpg,https://s30379.pcdn.co/wp-content/uploads/2019/09/p1dfjorjqds6c9o21dre1ngs1p3j6.jpg
000006.jpg,https://www.prestigeanimalhospital.com/sites/default/files/styles/large/adaptive-image/public/sphynx-cat-breed-info.jpg
000007.jpg,https://cf.ltkcdn.net/cats/images/orig/247865-1600x1030-sphynx-cat-rescue-shelters.jpg
000008.jpg,https://static.boredpanda.com/blog/wp-content/uploads/2019/09/sphynx-cats-family-heterochromia-this-is-rosie-kitty-fb8-png__700.jpg
000009.jpg,https://image.freepik.com/free-photo/hairless-canadian-sphynx-cat-with-bow-tie-isolated_122607-78.jpg
000010.jpg,https://petskb.com/wp-content/uploads/2019/10/sphynx-green-eyes.jpg
000011.jpg,https://geniusvets.s3.amazonaws.com/gv-cat-breeds/Sphynx-1.jpg
000012.jpg,http://www.sepicat.com/wp-content/uploads/2019/02/shutterstock_756375373.png
000013.jpg,https://www.hillspet.com/content/dam/cp-sites/hills/hills-pet/en_us/exported/cat-care/images/sphynx-cat.jpg
000014.jpg,https://upload.wikimedia.org/wikipedia/commons/2/29/Cat_Sphynx._Kittens._img_11.jpg
000015.jpg,https://i.pinimg.com/originals/d2/db/0f/d2db0f202a3c89ee0e47b166ee847883.jpg
000016.jpg,https://cdn.hswstatic.com/gif/sphynx-cat.jpg
000017.jpg,https://wl-brightside.cf.tsp.li/resize/728x/jpg/d66/143/c4b4b5510194ff0166762bcd65.jpg
000018.jpg,https://www.petmd.com/sites/default/files/play-time-canadian-sphynx-hairless-cat-picture-id609823008.jpg
000019.jpg,https://www.petmd.com/sites/default/files/sphynx-cat-looking-into-the-camera-in-a-sweater-picture-id610043124.jpg
000020.jpg,https://img.freepik.com/free-photo/sphynx-kitten-6-months-old-sitting-sitting_191971-4334.jpg
000021.jpg,https://www.scienceabc.com/wp-content/uploads/2019/01/Sphynx-cat1.jpg
000022.jpg,https://pictures-of-cats.org/wp-content/uploads/2020/01/Fat-Sphynx-cat.jpg
000023.jpg,https://allaboutcats.com/wp-content/uploads/2016/08/Sphynx-cat-names.jpg
000024.jpg,https://vgl.ucdavis.edu/sites/g/files/dgvnsk8836/files/inline-images/Sphynx-and-Devon-Rex-Coats-1200px.jpg
000025.jpg,http://beta.ems.ladbiblegroup.com/s3/content/1639b8a45e1c60278a9b95ca630c8703.jpg
000026.jpg,https://catunited.com/wp-content/uploads/2020/04/s1.png
000027.jpg,https://www.petplan.co.uk/images/breeds/sphynx.jpg
000028.jpg,https://blazepress.com/.image/MTY0MTY5OTMwOTMyMTAyOTkz/cute-sphynx-cats-11.jpg
000029.jpg,https://wl-brightside.cf.tsp.li/resize/728x/jpg/880/c33/6efedb54c388c9604a8c501fee.jpg
000030.jpg,https://icatcare.org/app/uploads/2018/10/Sphynx.png
000031.jpg,https://img.freepik.com/free-vector/watercolor-sphynx-cat-sitting_71209-246.jpg
000032.jpg,https://imagez.tmz.com/image/88/1by1/2018/06/06/88e40bca63355f1c867456c1b1decd38_xl.jpg
000033.jpg,https://www.wallpaperflare.com/static/763/756/1007/sphynx-cat-two-black-white-wallpaper.jpg
000034.jpg,https://d1dd4ethwnlwo2.cloudfront.net/wp-content/uploads/2020/01/CATERS_SPHYNX_CATS_WITH_EYES_0121.jpg
000035.jpg,https://thumbs.dreamstime.com/b/adorable-sphynx-cat-sitting-looking-side-isolated-black-background-front-view-funny-sphynx-cat-isolated-black-128956156.jpg
000036.jpg,http://cdn.shopify.com/s/files/1/0344/6469/files/Screen_Shot_2019-04-23_at_5.08.08_PM.png
000037.jpg,https://static.dribbble.com/users/4110398/screenshots/9105147/helgavolk_1x.jpg
000038.jpg,https://images6.alphacoders.com/388/thumb-350-388988.jpg
000039.jpg,https://thumbs.dreamstime.com/b/sphynx-cat-brown-portrait-breed-124677903.jpg
000040.jpg,https://upload.wikimedia.org/wikipedia/commons/4/43/Cat_Sphynx._Kittens._img_48.jpg
000041.jpg,https://purrcraze.com/wp-content/uploads/2019/10/Aggressive-Sphynx.jpg
000042.jpg,https://i.pinimg.com/originals/0d/9f/43/0d9f43cc5415a6ad97bd460734d76faa.jpg
000043.jpg,https://purrcraze.com/wp-content/uploads/2019/10/Sphynx-lick.jpg
000044.jpg,https://i.dailymail.co.uk/1s/2020/03/09/11/25730974-8091141-image-a-12_1583754998698.jpg
000045.jpg,https://www.thehappycatsite.com/wp-content/uploads/2017/11/Bambino-Cat-The-Sphynx-Cat-Munchkin-Mix-HC-long.jpg
000046.jpg,https://images-na.ssl-images-amazon.com/images/I/917iZaaFOgL._AC_SL1500_.jpg
000047.jpg,https://vistapointe.net/images/sphynx-cat-1.jpg
000048.jpg,https://banner2.cleanpng.com/20180602/hhw/kisspng-sphynx-cat-donskoy-kitten-peterbald-american-wireh-sphynx-5b1228e14bade2.53940918152791676931.jpg
000049.jpg,https://petapixel.com/assets/uploads/2015/03/9k-71.jpg
000050.jpg,https://storage.googleapis.com/petcircle-assets/images/blog/breed-of-the-month-the-sphynx-hero.jpg
000051.jpg,https://static.vecteezy.com/system/resources/previews/001/234/859/non_2x/cat-sphynx-with-antlers-in-upside-down-triangle-vector.jpg
000052.jpg,https://trupanion.com/-/media/trupanion/images/breed--guide--new/sphynx/sphynx-hero-t.jpg
000053.jpg,https://t2.ea.ltmcdn.com/en/images/8/7/3/img_5_hairless_cat_breeds_2378_600.jpg
000054.jpg,https://img.favpng.com/8/0/2/sphynx-cat-donskoy-cat-bengal-cat-peruvian-inca-orchid-persian-cat-png-favpng-NZ34pEqBQ05rpyecWL8BFTeRf.jpg
000055.jpg,https://static.wixstatic.com/media/04044c_eeca0c42337f4f28b46d3bf08a2018e5~mv2.jpg
000056.jpg,http://cdn.shopify.com/s/files/1/1834/9585/articles/194-1-sphynx_1024x1024.jpg
000057.jpg,https://www.petmd.com/sites/default/files/play-time-canadian-sphynx-hairless-cat-picture-id609823008.jpg
000058.jpg,https://i.ytimg.com/vi/ww_P4MPNFcY/maxresdefault.jpg
000059.jpg,https://i.dailymail.co.uk/i/pix/2014/01/16/article-2540580-1AB416B800000578-198_634x672.jpg
000060.jpg,https://coleandmarmalade.com/wp-content/uploads/2018/07/1200-57610618-sphynx-cat-catappy.com_.jpg
000061.jpg,https://www.prestigeanimalhospital.com/sites/default/files/styles/large/adaptive-image/public/sphynx-cat-breed-info.jpg
000062.jpg,http://yesofcorsa.com/wp-content/uploads/2017/03/Cat-Sphynx-Wallpaper-For-IPhone.jpg
000063.jpg,http://2.bp.blogspot.com/-9DUOTXc4nMY/TqGIa9gxlDI/AAAAAAAAAck/wqOczsY3s9k/s1600/Sphynx+Cat5.jpg
000064.jpg,http://2.bp.blogspot.com/_BSp3gLQ8jdY/S_X5LMpu4zI/AAAAAAAAAck/h7nmA7gBrFE/s1600/sphynx-cat01.jpg
000065.jpg,http://3.bp.blogspot.com/-GvJpsPwuKLY/TqGIZFHcPvI/AAAAAAAAAcM/4ItGXXSK6kc/s1600/Sphynx+Cat2.jpg
000066.jpg,https://i.pinimg.com/736x/73/53/18/735318d146356593acc5ae4003510032--sphynx-kittens-for-sale-chat-sphynx.jpg
000067.jpg,https://www.thesprucepets.com/thmb/TH_mdFBSmZxEbL58EOrOVYesHRo=/5616x3744/filters:fill(auto,1)/sphynx-cat--159462605-5bc4cc6b46e0fb0026b71ea7.jpg
000068.jpg,https://static.boredpanda.com/blog/wp-content/uploads/2018/04/BaaTnKhl2CP-png__700.jpg
000069.jpg,https://www.dogalize.com/wp-content/uploads/2017/04/sphynx-cats.jpg
000070.jpg,https://static1.squarespace.com/static/53c5b010e4b0c3db71b3067c/55bab0a4e4b0bf981e7eaa17/5771b2b9f5e2311786b8b771/1467069114306/pink-sphynx-cat-photos-.jpg
000071.jpg,http://media-cache-ec0.pinimg.com/736x/58/09/c5/5809c559f0b59bf29f8d0e3891948d95.jpg
000072.jpg,http://mashoid.co/wp-content/uploads/2015/07/sphynx-cat4.jpg
000073.jpg,http://1.bp.blogspot.com/-ScNCr8uMtsM/T9CsnPuhlgI/AAAAAAAABTc/cLGw7mp_DSg/s1600/sphynx-cat-5.jpg
000074.jpg,https://shirleymclain930.files.wordpress.com/2013/10/canadian-sphynx-cat.jpg
000075.jpg,http://3.bp.blogspot.com/-HSP9cqroBqI/TqGIbcU2hII/AAAAAAAAAcs/nYhdPNmgmYU/s1600/Sphynx+Cat6.jpg
000076.jpg,http://1.bp.blogspot.com/-4WhRG6CctPY/Tit-DpedA0I/AAAAAAAAHxA/fgePNtUP6Bo/s400/sphynx-cat2.jpg
000077.jpg,https://i.ytimg.com/vi/pNW9oUYmVvI/maxresdefault.jpg
000078.jpg,https://i.pinimg.com/736x/d3/4a/26/d34a2676812520b276e98acb13aee1bf--sphynx-cat-statues.jpg
000079.jpg,https://img.buzzfeed.com/buzzfeed-static/static/2015-07/20/18/campaign_images/webdr14/bald-is-beautiful-2-19378-1437430494-18_dblbig.jpg
000080.jpg,http://yesofcorsa.com/wp-content/uploads/2017/03/Cat-Sphynx-Wallpaper-HQ.jpg
000081.jpg,https://i.pinimg.com/736x/4f/be/2d/4fbe2d2bdc6bccfa3050d06d069cc3f6--sphynx-kittens-for-sale-kitten-for-sale.jpg
000082.jpg,https://i.ytimg.com/vi/by9yJpOicYc/maxresdefault.jpg
000083.jpg,https://i.ytimg.com/vi/bN2_853wHgs/hqdefault.jpg
000084.jpg,https://taholtorf.files.wordpress.com/2013/05/sphynx-cat-images-11.jpg
000085.jpg,https://s-media-cache-ak0.pinimg.com/originals/74/3f/e9/743fe9942c9a3806e3b60522d398d017.jpg
000086.jpg,http://2.bp.blogspot.com/-t7eruzFQLvw/TqGIYtMqxlI/AAAAAAAAAcE/IHzsvtTfj9w/s1600/Sphynx+Cat.jpg
000087.jpg,http://cdn.animalhi.com/1686x1816/20121103/cats sphynx 1686x1816 wallpaper_www.animalhi.com_91.jpg
000088.jpg,https://peopledotcom.files.wordpress.com/2018/04/loki_the_sphynx-01_1.jpg
000089.jpg,http://2.bp.blogspot.com/-civodTUEmeo/ThaYwHo9GQI/AAAAAAAAABM/JYn2i755rkw/s1600/sphynx-cat-unique.jpg
000090.jpg,https://st2.depositphotos.com/3633131/11182/v/950/depositphotos_111823162-stock-illustration-outline-cat-sphynx-vector-illustration.jpg
000091.jpg,https://thumbs.dreamstime.com/z/sphynx-cat-24134537.jpg
000092.jpg,http://yesofcorsa.com/wp-content/uploads/2017/03/Cat-Sphynx-Desktop-Wallpaper.jpg
000093.jpg,http://knowledgebase.lookseek.com/images/animals/cats/Sphynx-Cat.jpg
000094.jpg,https://i.pinimg.com/736x/27/71/31/277131ed6ec5ed7594af56438e24dec1.jpg
000095.jpg,http://3.bp.blogspot.com/-ZtVkjZ_Yeso/TqctTK_FweI/AAAAAAAABeA/hKwSxshM_GQ/s400/Sphynx%2BCats%2B%25289%2529.jpg
000096.jpg,https://s-media-cache-ak0.pinimg.com/736x/a1/b0/4a/a1b04ade7f9b2427af749a7b7ab7b8b2.jpg
000097.jpg,https://i.pinimg.com/736x/74/41/f1/7441f176acbe87d0ab0ef40bbbeb42ed--hairless-cats-sphynx-cat.jpg
000098.jpg,https://i.pinimg.com/originals/e6/ed/96/e6ed964778cb529e418b62993e4aab59.jpg
000099.jpg,http://yesofcorsa.com/wp-content/uploads/2017/03/Cat-Sphynx-Wallpaper-Background.jpg
000100.jpg,http://25.media.tumblr.com/a4989cc98ded619fb36a44158ccfb7d2/tumblr_mzis8vMSZT1rlyvfao1_250.jpg
000101.jpg,https://i.pinimg.com/736x/6e/2b/59/6e2b591f131d0bfa6ec752ebc62dd621.jpg
000102.jpg,https://s-media-cache-ak0.pinimg.com/736x/23/8b/ac/238bacc6b81f5eecdf8eb38c00c02ad5--hairless-cats-sphynx.jpg
000103.jpg,http://i.ytimg.com/vi/iuOvHDhMJ-A/hqdefault.jpg
000104.jpg,https://i.pinimg.com/736x/71/b7/48/71b748fe5dbf4d811566a87b2b6fa66e--hairless-cats-sphynx-cat.jpg
000105.jpg,https://i.pinimg.com/736x/34/9a/b8/349ab81fda6f1e479cf360ec56a59e17.jpg
000106.jpg,https://s-media-cache-ak0.pinimg.com/736x/7f/ea/21/7fea21136e8279b28f614b949da011f7.jpg
000107.jpg,https://s-media-cache-ak0.pinimg.com/736x/d2/3e/36/d23e36bd7543a0d96f8b8efc6e2a3b5c.jpg
000108.jpg,https://thumbs.dreamstime.com/b/cat-sphynx-14639412.jpg
000109.jpg,https://s-media-cache-ak0.pinimg.com/736x/38/86/6b/38866bf28be5d436574eff9738e1e28e--sphynx-cat-tattoo-kitten-tattoo.jpg
000110.jpg,https://i.ytimg.com/vi/zKsrYhehyZ8/maxresdefault.jpg
000111.jpg,http://yesofcorsa.com/wp-content/uploads/2017/03/Cat-Sphynx-Wallpaper-For-IPhone-Free.jpg
000112.jpg,https://s-media-cache-ak0.pinimg.com/736x/5b/96/bf/5b96bfc8e0acb0c4ebe86eb33e5b1953--hairless-cats-sphynx.jpg
000113.jpg,https://www.cathealth.com/images/stories/CatHealth/Health/cat_sphynx.jpg
000114.jpg,https://s-media-cache-ak0.pinimg.com/736x/22/79/9c/22799c79950621f7dfa924458af5c0cb--the-stripes-different-kinds.jpg
000115.jpg,http://yesofcorsa.com/wp-content/uploads/2017/03/Cat-Sphynx-Best-Wallpaper.jpg
000116.jpg,https://www.nobilgatti.com/wp-content/uploads/2017/12/profile-cat-sphynx-1024x969.jpg
000117.jpg,https://i.pinimg.com/736x/30/38/fe/3038fe7a1c6bc4fe2da1a313f835fe6c--sphynx-cat-siamese-cats.jpg
000118.jpg,https://i.pinimg.com/736x/3a/27/88/3a27887142be206c1648e5868783778a--hairless-cats-sphynx-cat.jpg
000119.jpg,https://mir-s3-cdn-cf.behance.net/project_modules/disp/1834df13895553.5627a070b8ca4.jpg
000120.jpg,http://kids.cfa.org/images/sphynx.jpg
000121.jpg,https://pre00.deviantart.net/2080/th/pre/i/2014/148/5/6/sphynx_cat_by_nika_sugarcandy-d7k3219.jpg
000122.jpg,https://thumb10.shutterstock.com/display_pic_with_logo/1234205/388605553/stock-photo--cat-sphynx-388605553.jpg
000123.jpg,https://cdn3.vectorstock.com/i/thumb-large/32/27/cat-sphynx-vector-8313227.jpg
000124.jpg,https://i.redd.it/b14etmpdvxbz.jpg
000125.jpg,http://img15.deviantart.net/d8ec/i/2012/203/2/3/cat_sphynx_fullbody__sitting_front_by_amziss-d587z4w.jpg
000126.jpg,https://s-media-cache-ak0.pinimg.com/236x/4b/b2/49/4bb249619495c85db4d952d7523f3e97--chat-sphynx-sphynx-cat.jpg
000127.jpg,https://i.pinimg.com/736x/12/94/9f/12949fb5e780da9793e4c928dfec740c--hairless-cats-sphynx-cat.jpg
000128.jpg,http://yesofcorsa.com/wp-content/uploads/2017/03/Cat-Sphynx-Wallpaper-Download.jpg
000129.jpg,https://i.pinimg.com/originals/42/e0/a5/42e0a5a8630f0be82658a6145d55a6ef.jpg
000130.jpg,https://i.ytimg.com/vi/MBdxk9nuIRw/hqdefault.jpg
000131.jpg,http://media-cache-ak0.pinimg.com/736x/23/9d/2c/239d2c0b768487b496887c2403575c8c.jpg
000132.jpg,https://www.puppy4u.gr/wp-content/uploads/2017/03/cat-sphynx.jpg
000133.jpg,https://upload.wikimedia.org/wikipedia/commons/c/c2/Cat_sphynx_1.jpg
000134.jpg,https://thumbs.dreamstime.com/t/bald-cat-sphynx-holding-its-paws-santa-hat-plays-christmas-decoration-i-132275415.jpg
000135.jpg,https://media.cgtrader.com/variants/1VX3CCvHzVMLPyHreJ6UQLn2/c9bd63b7c369a06d872dbd8b861d5c546820c3b0b13ae1df404f621385bf58ca/cat-sphynx-3d-model-max-obj-mtl-3ds-fbx-dxf-stl.jpg
000136.jpg,https://cdn1.vectorstock.com/i/thumb-large/45/40/cat-sphynx-black-vector-8984540.jpg
000137.jpg,https://img0.etsystatic.com/037/1/7630423/il_570xN.518693264_dysr.jpg
000138.jpg,https://i.pinimg.com/736x/da/b7/e1/dab7e1dcc1e19c8f5341fa06e15d3fe8--sphynx-cat-cat-drawing.jpg
000139.jpg,http://www.holidogtimes.com/fr/wp-content/uploads/sites/2/2017/02/cat-sphynx-tatoo-russia-3-e1486168378463.jpg
000140.jpg,https://i.pinimg.com/736x/45/40/0b/45400b9f8a4d1d87512eccbf180d98ad--cat-drawing-sphynx-cat.jpg
000141.jpg,https://petsfeed.co/wp-content/uploads/2020/09/Cat-Breeds-Sphynx-1024x538.jpg
000142.jpg,https://bietthupanorama.com/wp-content/uploads/2020/09/Alien-and-Sphynx-cat-makes-me-happy-humans-make-my-head-hurt-poster-3-780x405.jpg
000143.jpg,https://cdn.shopify.com/s/files/1/0475/0219/6904/products/alien-abduction-sphynx-cat-rug-area-rug-floor-decor-phhrug02193_250x250@2x.jpg
000144.jpg,https://66.media.tumblr.com/f50b01e1ea9063c9de710b7d300ce1bd/tumblr_naknjmpqNl1tk1y78o9_1280.jpg
000145.jpg,https://l450v.alamy.com/450v/ttd7ft/cat-sphynx-sitting-on-young-man-shoulders-isolated-on-white-ttd7ft.jpg
000146.jpg,https://s-media-cache-ak0.pinimg.com/736x/2e/f7/2a/2ef72aba6f63f04a5c0fcc44f28eb177--sphynx-cat-cat-cat.jpg
000147.jpg,https://media-01.creema.net/user/1874956/exhibits/10225260/0_098f7b8724ec2b45cb2c108561879821_583x585.jpg
000148.jpg,https://www.brighttimes.info/wp-content/uploads/2020/08/cost-cats-300x225.jpg
000149.jpg,https://catlov.com/wp-content/uploads/2020/07/Featured-Sphynxes-Not-Photogenic-FB.jpg
000150.jpg,https://img2.freepng.ru/20180405/ciw/kisspng-sphynx-cat-kitten-geometry-sticker-t-shirt-polygonal-5ac5f6374c1e72.1455545215229230633118.jpg
000151.jpg,https://imagesvc.meredithcorp.io/v3/mm/image?url=https%3A%2F%2Fstatic.onecms.io%2Fwp-content%2Fuploads%2Fsites%2F47%2F2020%2F08%2F05%2Fsphynx-kitten-litter-613558576-2000.jpg
000152.jpg,https://bietthupanorama.com/wp-content/uploads/2020/09/Alien-and-Sphynx-cat-makes-me-happy-humans-make-my-head-hurt-poster-3.jpg
000153.jpg,https://www.deine-tierwelt.de/fotos/124513577_760x570.jpg
000154.jpg,https://1.bp.blogspot.com/-Ooa7sc6j3tU/X0u1nxUQzJI/AAAAAAAAD-g/MgC3gr-o-iwfN3s6VJTurfwkNv8Ga23NgCNcBGAsYHQ/s1600/Ukrainian_Levkoy.jpg
000155.jpg,https://petsfeed.co/wp-content/uploads/2020/09/Cat-Breeds-Selkirk-Rex-1024x538.jpg
000156.jpg,https://petsfeed.co/wp-content/uploads/2020/09/Cat-Breeds-American-Wirehair-1024x538.jpg
000157.jpg,https://petsfeed.co/wp-content/uploads/2020/09/Cat-Breeds-Abyssinian-1024x538.jpg
000158.jpg,https://gokitty.com/uploads/kitten_photo/medium/5f4e26967735c-0-04-01-93dc1b3f3069fe6902117b16ccc1224f2aa4b8ed239ce5b48b3414c4b9d8c868_f176f5b8.jpg
000159.jpg,https://ih1.redbubble.net/image.1236214303.2717/ur,kids_mask_7x3_flatlay_front,product,600x600.jpg
000160.jpg,https://bietthupanorama.com/wp-content/uploads/2020/09/Alien-and-Sphynx-cat-makes-me-happy-humans-make-my-head-hurt-poster-1.jpg
000161.jpg,https://gokitty.com/uploads/kitten_photo/medium/5f4fb0d82f50d-0-02-0a-56cd6bb48e69a2f294d35089266c97f5151dc69b4df2208b0adb4b29b034d5a2_39a71244.jpg
000162.jpg,https://imagesvc.meredithcorp.io/v3/mm/image?url=https%3A%2F%2Fstatic.onecms.io%2Fwp-content%2Fuploads%2Fsites%2F47%2F2020%2F08%2F01%2Fsphynx-cat-window-1256451149-2000.jpg
000163.jpg,https://ih1.redbubble.net/image.1239213453.5977/ur,kids_mask_7x3_flatlay_front,product,600x600.jpg
000164.jpg,https://petsfeed.co/wp-content/uploads/2020/09/Cat-Breeds-Norwegian-Forest-Cat-1024x538.jpg
000165.jpg,https://animalpath.org/wp-content/uploads/2020/08/Do-cats-shed.jpg
000166.jpg,https://i.pinimg.com/736x/a4/a6/df/a4a6df471b87535077e1f6e92f050838--amigurumi-stuffed-toys.jpg
000167.jpg,https://www.deine-tierwelt.de/fotos/124311416_760x570.jpg
000168.jpg,https://petsfeed.co/wp-content/uploads/2020/09/Cat-Breeds-manx-1024x538.jpg
000169.jpg,https://www.deine-tierwelt.de/fotos/124527735_760x570.jpg
000170.jpg,https://bietthupanorama.com/wp-content/uploads/2020/09/Alien-and-Sphynx-cat-makes-me-happy-humans-make-my-head-hurt-poster-2.jpg
000171.jpg,https://www.deine-tierwelt.de/fotos/124527870_760x570.jpg
000172.jpg,https://data.lost-cat.org/photos/5/5/6/1/5/556155_430x430_1.jpg
000173.jpg,https://meowoff.us/wp-content/uploads/2020/05/118656914_628801754710988_2594470695464490975_n-1.jpg
000174.jpg,https://www.dailymaverick.co.za/wp-content/uploads/14GettyImages-459408808.jpg
000175.jpg,https://www.dailymaverick.co.za/wp-content/uploads/11GettyImages-494044634.jpg
000176.jpg,https://www.dailymaverick.co.za/wp-content/uploads/12GettyImages-56231081-scaled.jpg
000177.jpg,https://meowoff.us/wp-content/uploads/2020/02/2-2-1-1024x734.jpg
000178.jpg,https://meowoff.us/wp-content/uploads/2019/06/1IMG_5490.jpg
000179.jpg,https://www.dailymaverick.co.za/wp-content/uploads/13GettyImages-56231519-scaled.jpg
000180.jpg,https://meowoff.us/wp-content/uploads/2020/03/3-2-2.jpg
000181.jpg,https://www.dailymaverick.co.za/wp-content/uploads/14GettyImages-617280618-scaled.jpg
000182.jpg,https://meowoff.us/wp-content/uploads/2020/03/5-2-1.jpg
000183.jpg,https://meowoff.us/wp-content/uploads/2020/02/Betricia-2.jpg
000184.jpg,https://meowoff.us/wp-content/uploads/2019/06/Chester-4.jpg
000185.jpg,https://www.dailymaverick.co.za/wp-content/uploads/4GettyImages-72595111-scaled.jpg
000186.jpg,https://meowoff.us/wp-content/uploads/2020/02/IMG_1570.jpg
000187.jpg,https://meowoff.us/wp-content/uploads/2020/02/2-5-1.jpg
000188.jpg,https://meowoff.us/wp-content/uploads/2020/03/1-6-1.jpg
000189.jpg,https://meowoff.us/wp-content/uploads/2020/03/2-6.jpg
