image,source
000001.jpg,https://cf.ltkcdn.net/cats/images/orig/246639-1600x1030-ragdoll-cats-cost.jpg
000002.jpg,https://upload.wikimedia.org/wikipedia/commons/6/64/Ragdoll_from_Gatil_Ragbelas.jpg
000003.jpg,https://i.pinimg.com/736x/64/60/b8/6460b864d8cbecc1c58522e62ee37a38.jpg
000004.jpg,https://www.purina.co.uk/sites/g/files/mcldtz2481/files/styles/nppe_breed_selector_og_image/public/breed_library/cat_ragdoll.jpg
000005.jpg,https://icatcare.org/app/uploads/2018/10/ragdoll-1-1200x600.jpg
000006.jpg,https://cdn1-www.cattime.com/assets/uploads/gallery/ragdoll/ragdoll-cats-kittens-1.jpg
000007.jpg,https://www.catster.com/wp-content/uploads/2018/01/Ragdoll-cat-on-blue-backdrop-.jpg
000008.jpg,https://i.pinimg.com/originals/23/a7/7f/23a77f7c7f285615b1e1e675509f94a2.png
000009.jpg,https://indoorcatmom.com/wp-content/uploads/2018/11/Why-is-a-Ragdoll-an-indoor-cat.jpg
000010.jpg,https://ragdolllove.com/wp-content/uploads/2019/03/Duff-and-ZeeZee-August-2017-Original-Image-1024x860.jpg
000011.jpg,https://i.ytimg.com/vi/H_KEe4Z1PFg/maxresdefault.jpg
000012.jpg,https://uk.mypetandi.com/sites/g/files/adhwdz331/files/styles/paragraph_image/public/2018-03/ragdoll_cat_01401.jpg
000013.jpg,https://cdn.shopify.com/s/files/1/1088/7528/articles/6670edd5ab4bbc9e61a335bea85b2004_1600x.jpg
000014.jpg,https://trupanion.com/-/media/trupanion/images/breed--guide--new/ragdoll/ragdoll-cat2.jpg
000015.jpg,https://i.pinimg.com/originals/a5/e0/be/a5e0be2b55f8528c74b8484851d4413f.jpg
000016.jpg,https://www.purina.com.au/-/media/Project/Purina/Main/Breeds/Cat/Mobile/Cat_Ragdoll_Mobile.jpg
000017.jpg,https://static.boredpanda.com/blog/wp-content/uploads/2017/12/angry-cat-merlin-ragdoll-11-5a2f8ffc4293f__700.jpg
000018.jpg,https://www.rover.com/blog/wp-content/uploads/2019/06/96467175_s.jpg
000019.jpg,https://images2.minutemediacdn.com/image/upload/c_crop,h_1191,w_2121,x_0,y_34/f_auto,q_auto,w_1100/v1554738990/shape/mentalfloss/78233-istock-965506882.jpg
000020.jpg,https://cat-world.com/wp-content/uploads/2017/06/ragdoll-cat-breed-profile.jpg
000021.jpg,https://i.pinimg.com/originals/fb/cc/4e/fbcc4e73821c74cca648b0ef31ae7eea.jpg
000022.jpg,https://www.petplace.com/static/2c041b98886e369cd0da395ede5e56a3/c23ac/shutterstock_671170645.jpg
000023.jpg,https://cdn.hswstatic.com/gif/ragdoll-cat-1.jpg
000024.jpg,https://usercontent1.hubstatic.com/12924958_f1024.jpg
000025.jpg,https://petskb.com/wp-content/uploads/2020/04/ragdoll-4.jpg
000026.jpg,https://www.prestigeanimalhospital.com/sites/default/files/styles/large/adaptive-image/public/ragdoll-cat-breed-info.jpg
000027.jpg,https://i0.wp.com/pawesomecats.com/wp-content/uploads/2014/03/Ragdoll-cat.jpg
000028.jpg,https://purrcraze.com/wp-content/uploads/2019/01/Ragdolls-Good-For-First-Time-Owners_-1.jpg
000029.jpg,https://www.thehappycatsite.com/wp-content/uploads/2016/08/Ragdoll-Cats-HC-long.jpg
000030.jpg,https://images.ctfassets.net/440y9b545yd9/4PjMuZHJH4FawjAelQ0oHk/14c0f2950f6b7a65e656c4e5fd4b639c/Ragdoll850.jpg
000031.jpg,https://mymodernmet.com/wp/wp-content/uploads/archive/p1puejgnZCnt8DvwufUk_skyragdoll15.jpg
000032.jpg,https://image.slidesharecdn.com/allaboutragdollcatbreed-131121052009-phpapp02/95/all-about-ragdoll-cat-breed-1-638.jpg
000033.jpg,http://azure.wgp-cdn.co.uk/app-yourcat/posts/ragdoll_cat1.jpg
000034.jpg,https://purrcraze.com/wp-content/uploads/2019/10/Ragdoll-Cat-Lazy.jpg
000035.jpg,https://www.mypetneedsthat.com/wp-content/uploads/2018/10/ragdoll-cat-1068x346.jpg
000036.jpg,https://www.petfirst.com/wp-content/uploads/2019/01/shutterstock_429276766-1.jpg
000037.jpg,https://i.ytimg.com/vi/MvkaoqpbDz0/maxresdefault.jpg
000038.jpg,https://image.freepik.com/free-photo/ragdoll-cat-studio_87557-2422.jpg
000039.jpg,https://www.petful.com/wp-content/uploads/2014/07/ragdoll-1-750x478.jpg
000040.jpg,https://petskb.com/wp-content/uploads/2020/04/Ragdoll-at-window.jpg
000041.jpg,https://www.cozycatfurniture.com/image/ragdoll-cat.jpg
000042.jpg,https://ragdolllove.com/wp-content/uploads/2018/11/10-REASONS-WHY-YOU-MAY-NOT-LIKE-RAGDOLL-CATS-PIN-2-400x600.jpg
000043.jpg,https://purrcraze.com/wp-content/uploads/2019/02/Ragdoll-Cat-Toys-1.jpg
000044.jpg,https://www.everypaw.com/uploads/rsz_rag_doll%201_1.jpg
000045.jpg,https://i.pinimg.com/originals/74/12/83/741283c6ed49ee21f1ce3e968c8def3d.jpg
000046.jpg,https://catbeep.com/wp-content/uploads/2019/10/Ragdoll-Cat-Colors.jpg
000047.jpg,https://s.abcnews.com/images/Lifestyle/HT_sky_the_cat_05_mm_160323_16x9_992.jpg
000048.jpg,https://www.zooplus.co.uk/magazine/wp-content/uploads/2019/07/ragdoll-cat-breed.jpg
000049.jpg,https://i.ytimg.com/vi/EcCz1JikmXc/maxresdefault.jpg
000050.jpg,https://geniusvets.s3.amazonaws.com/gv-cat-breeds/Ragdoll-1.jpg
000051.jpg,https://t2.ea.ltmcdn.com/en/images/1/2/8/health_problems_of_ragdoll_cats_2821_600_square.jpg
000052.jpg,https://petmedical.com.au/wp-content/uploads/2018/11/Burmese-vs-ragdoll.jpg
000053.jpg,https://www.mipetcover.co.uk/wp-content/uploads/2019/11/DDD_Ragdoll-cat-looking-over-a-womans-shoulder-1803x1200.jpg
000054.jpg,https://i2.wp.com/felineliving.net/wp-content/uploads/2018/01/ragdoll-cat.jpg
000055.jpg,https://ragdolllove.com/wp-content/uploads/2018/02/ZeeZee-Chilling-on-Chair-October-2017.jpg
000056.jpg,https://persiancatcorner.com/wp-content/uploads/2019/10/Persian-Cat-vs.-Ragdoll-1.png
000057.jpg,https://www.floppycats.com/wp-content/uploads/2019/12/Seal-mitted-with-a-blaze-Ragdoll-cat-Charlie-looking-up-IMG_4755-scaled.jpg
000058.jpg,http://cdn.shopify.com/s/files/1/2525/3114/files/Ragdoll_Cat_2_large.png
000059.jpg,https://secureservercdn.net/50.62.172.113/pvr.8e0.myftpupload.com/wp-content/uploads/2019/03/img_7588.jpg
000060.jpg,https://images-na.ssl-images-amazon.com/images/I/61GUPlJL1kL.jpg
000061.jpg,https://purrcraze.com/wp-content/uploads/2019/02/Are-Ragdoll-Cats-Mean-1.jpg
000062.jpg,https://myragdollcats.com/wp-content/uploads/2020/02/pros-and-cons-of-ragdoll-cats.jpg
000063.jpg,https://catbeep.com/wp-content/uploads/2019/10/Are-Ragdoll-Cats-Hypoallergenic.jpg
000064.jpg,https://cdn.petpress.net/wp-content/uploads/2020/02/12044125/Ragdoll-Cat-2.jpg
000065.jpg,https://cvm.ncsu.edu/wp-content/uploads/2015/07/ragdollcatlayingdown.jpg
000066.jpg,https://www.petsworld.in/blog/wp-content/uploads/2015/07/20Cat.jpg
000067.jpg,http://ragdollcats.co/wp-content/uploads/2019/12/Blue-bicolor-mink-ragdoll-kitten-scaled-e1577055683994-1024x883.jpg
000068.jpg,https://www.zooplus.co.uk/magazine/wp-content/uploads/2019/07/ragdoll-cat-breed-1024x768.jpg
000069.jpg,https://s.abcnews.com/images/Lifestyle/HT_sky_the_cat_03_mm_160323_16x9_992.jpg
000070.jpg,https://t1.ea.ltmcdn.com/en/images/1/2/8/health_problems_of_ragdoll_cats_2821_orig.jpg
000071.jpg,http://www.ragdolls.cz/img/ragdoll_title_thumb.jpg
000072.jpg,https://thedutifulcat.com/wp-content/uploads/2018/11/The-Ragdoll-Cat-Breed-Image.jpg
000073.jpg,https://cfa.org/wp-content/uploads/2019/07/RDBanner2019a-sm.jpg
000074.jpg,https://s-media-cache-ak0.pinimg.com/originals/e4/19/cd/e419cd989d0f261640a6a78f0080313d.jpg
000075.jpg,https://www.calendarclub.co.uk/-/media/productimages/26/29/262985_main.jpg
000076.jpg,https://upload.wikimedia.org/wikipedia/commons/6/64/Ragdoll_from_Gatil_Ragbelas.jpg
000077.jpg,https://i.ytimg.com/vi/UmFT-nUQDAs/maxresdefault.jpg
000078.jpg,https://www.thehappycatsite.com/wp-content/uploads/2018/06/ragdoll-cat-colors-header.jpg
000079.jpg,https://www.catster.com/wp-content/uploads/2018/01/Ragdoll-cat-on-blue-backdrop-.jpg
000080.jpg,https://purrfectcatbreeds.com/wp-content/uploads/2014/06/Ragdoll4.jpg
000081.jpg,http://www.city-data.com/forum/attachments/cats/33682d1231182865-ragdoll-cat-2008-calender-pics-060.jpg
000082.jpg,https://www.catster.com/wp-content/uploads/2018/01/Ragdoll-3.jpg
000083.jpg,https://i.ytimg.com/vi/xNfIYVRgNVg/hqdefault.jpg
000084.jpg,https://usercontent1.hubstatic.com/12924958_f520.jpg
000085.jpg,http://www.sopurrfect.com/wp-content/uploads/2016/06/SoPurrfect-What-You-Need-To-Know-About-Owning-A-Ragdoll-Cat-.jpg
000086.jpg,http://3.bp.blogspot.com/-ZHCs9lCxYDE/UJp721a17eI/AAAAAAAABaA/cckTqCZn0bs/s1600/Ragdoll_Picture.jpg
000087.jpg,http://www.catster.com/wp-content/uploads/2018/01/Ragdoll-cat-1.jpg
000088.jpg,https://static.boredpanda.com/blog/wp-content/uploads/2017/12/angry-cat-merlin-ragdoll-27-5a2f902249b27__700.jpg
000089.jpg,http://s3.amazonaws.com/assets.prod.vetstreet.com/bf/fcaf70a33411e087a80050568d634f/file/Ragdoll-4-645mk062211.jpg
000090.jpg,http://2.bp.blogspot.com/-zSohcmTGWVs/TYBF6H0LPxI/AAAAAAAAGLY/hZqh5OaLGCo/s1600/ragdolls7.jpg
000091.jpg,https://www.purina.co.uk/sites/g/files/mcldtz2481/files/2017-12/cat_ragdoll_400x378_2.jpg
000092.jpg,https://4.bp.blogspot.com/-wpC246lHiKk/TiqLd9bsybI/AAAAAAAAHvI/lxoTIgIytK0/s1600/ragdoll-cat-2.jpg
000093.jpg,http://3.bp.blogspot.com/-tk3D0R7bWjM/UJp76Y8zd5I/AAAAAAAABaI/vBUZOFWMq-Y/s1600/ragdoll_cat_picture.jpg
000094.jpg,https://www.cattylicious.com/wp-content/uploads/2018/03/Ragdoll-Cat-3.jpg
000095.jpg,https://vetstreet-brightspot.s3.amazonaws.com/c5/17/4ef5afc94816a63cdba6ff7fc3cf/Ragdoll-AP-0PQUHE-645sm3614.jpg
000096.jpg,https://azure.wgp-cdn.co.uk/app-yourcat/posts/ragdoll_cat1.jpg
000097.jpg,https://www.petful.com/wp-content/uploads/2014/07/ragdoll-1.jpg
000098.jpg,https://inspirationseek.com/wp-content/uploads/2014/08/Beautiful-Ragdoll-Cat-Photography.jpg
000099.jpg,https://blog.healthypawspetinsurance.com/wp-content/uploads/2018/07/GettyImages-155277148.jpg
000100.jpg,https://www.thehappycatsite.com/wp-content/uploads/2018/01/ragdoll-cat-names.jpg
000101.jpg,https://images2.minutemediacdn.com/image/upload/c_crop,h_1191,w_2121,x_0,y_34/f_auto,q_auto,w_1100/v1554738990/shape/mentalfloss/78233-istock-965506882.jpg
000102.jpg,https://www.thehappycatsite.com/wp-content/uploads/2018/05/best-brush-for-ragdoll-cats-header.jpg
000103.jpg,https://s-media-cache-ak0.pinimg.com/originals/14/08/a0/1408a0b0496695f40ced69455f411e60.jpg
000104.jpg,https://www.animalfacts.us/wp-content/uploads/2018/06/Ragdoll_cat.jpg
000105.jpg,https://www.thehappycatsite.com/wp-content/uploads/2018/01/ragdoll-kitten.jpg
000106.jpg,https://www.cozycatfurniture.com/image/ragdoll-cat.jpg
000107.jpg,http://justsomething.co/wp-content/uploads/2018/12/meet-merlin-the-ragdoll-cat-who-looks-always-pissed-off-48.jpg
000108.jpg,http://www.ragdoll.org/wp-content/uploads/2011/09/CAVU-281x3001.jpg
000109.jpg,https://www.cat-breeds-encyclopedia.com/images/Ragdoll-seal-point.jpg
000110.jpg,https://s-media-cache-ak0.pinimg.com/736x/c2/66/1a/c2661aefaf36753fb479913e48a6b937--ragdoll-kittens-kitty-cats.jpg
000111.jpg,https://www.simpsonspremium.com/wp/wp-content/uploads/2017/02/Ragdoll-Cat.jpg
000112.jpg,https://i.pinimg.com/originals/f0/8a/69/f08a6906b1f633f1eb774e7deffb4f25.jpg
000113.jpg,https://vetstreet-brightspot.s3.amazonaws.com/6b/ce/c975360d4695ab67586cc9a93880/ragdoll-ap-zqsits.jpg
000114.jpg,https://i.ytimg.com/vi/qVnQv8eQHPM/maxresdefault.jpg
000115.jpg,https://i.ytimg.com/vi/ZWLELzNSP_Y/maxresdefault.jpg
000116.jpg,https://amorpurrfectragdolls.com/wp-content/uploads/2015/09/IMG_3184_pe1.jpg
000117.jpg,https://i.ytimg.com/vi/eMLkOBmAA8w/hqdefault.jpg
000118.jpg,https://www.doorstepzoo.com/wp-content/uploads/2017/07/oscar-awake-1-375x246.jpg
000119.jpg,https://i.pinimg.com/originals/fb/cc/4e/fbcc4e73821c74cca648b0ef31ae7eea.jpg
000120.jpg,https://www.petguide.com/wp-content/uploads/2013/07/ragdoll-cat.jpg
000121.jpg,https://www.floppycats.com/wp-content/uploads/2016/01/Diego-Ragdoll-Kitten-of-the-Month-3.jpg
000122.jpg,https://i.ytimg.com/vi/LdOQ6qtoQ4I/maxresdefault.jpg
000123.jpg,http://cf.ltkcdn.net/cats/images/slide/89999-847x567-Lovely_Ragdoll_7.jpg
000124.jpg,https://thumbs.dreamstime.com/z/cute-ragdoll-kitten-sitting-front-flowers-8024470.jpg
000125.jpg,https://www.iizcat.com/uploads/2017/04/kbwvu-rd2.jpg
000126.jpg,http://www.catbreedsjunction.com/images/ragdoll-cat-breed1.jpg
000127.jpg,https://i.pinimg.com/originals/1b/ca/29/1bca291c382729f6cd26d3b216637f77.jpg
000128.jpg,https://i.pinimg.com/originals/74/81/4a/74814a7c5ebddc93beb04602a7c3e1ca.jpg
000129.jpg,http://www.masterpet.com/wp-content/uploads/2013/12/Cats_Ragdoll_cat_Large-512x512.jpg
000130.jpg,https://d17fnq9dkz9hgj.cloudfront.net/breed-uploads/2018/08/ragdoll-card-small.jpg
000131.jpg,https://i.dailymail.co.uk/i/pix/2016/03/18/03/32506A7600000578-3498121-image-m-42_1458273245752.jpg
000132.jpg,https://s-media-cache-ak0.pinimg.com/736x/20/17/7a/20177ac453a2738f1f11bf78b5e54212.jpg
000133.jpg,https://get.pxhere.com/photo/nature-black-and-white-white-animal-cute-pet-fur-portrait-cat-mammal-monochrome-close-close-up-nose-eyes-whiskers-eye-head-vertebrate-creature-ragdoll-animal-world-domestic-cat-animal-portrait-norwegian-forest-cat-monochrome-photography-eye-color-small-to-medium-sized-cats-cat-like-mammal-carnivoran-domestic-short-haired-cat-domestic-long-haired-cat-715092.jpg
000134.jpg,http://careofdc.org/wp-content/uploads/2016/12/1-300x224.jpg
000135.jpg,https://www.petinsurancequotes.com/gallery/images/Ragdoll-Cat-Pet-Insurance.jpg
000136.jpg,https://thumbs.dreamstime.com/z/ragdoll-cat-4618370.jpg
000137.jpg,https://www.catsofaustralia.com/images/Ragdoll-cat-606.jpg
000138.jpg,http://www.breedlist.com/catphotos/ragd2/ragd4.jpg
000139.jpg,https://www.omlet.de/images/cache/1024/682/Cat-Ragdoll-A_Ragdoll_kitten_that_has_just_started_to_Develop_pointed_markings.jpg
000140.jpg,https://www.petfinder.com/images/breeds/cat/3090.jpg
000141.jpg,https://img.buzzfeed.com/buzzfeed-static/static/2016-10/25/10/asset/buzzfeed-prod-fastlane03/sub-buzz-26297-1477407213-1.jpg
000142.jpg,https://www.floppycats.com/wp-content/uploads/2018/08/Black-Ragdoll-Cat-Jen-Chappell-of-ragdollchapps-in-Raleigh-NC-area-FB_IMG_1534623106569_wm.jpg
000143.jpg,https://pictures-of-cats.org/wp-content/uploads/images/ragdoll-slideshow9.jpg
000144.jpg,http://www.city-data.com/forum/attachments/cats/42088d1243129319-ragdoll-cat-100_0315.jpg
000145.jpg,https://www.petguide.com/wp-content/uploads/2013/07/ragdoll-cat-1.jpg
000146.jpg,http://33oezn10chdvlfeziep11ae7.wpengine.netdna-cdn.com/wp-content/uploads/HLIC/d0913dd3950bdf008f337f5be6b70d20.jpg
000147.jpg,https://i.pinimg.com/originals/aa/cf/c4/aacfc498490af7db5691b6da8f4fb1eb.jpg
000148.jpg,https://i.pinimg.com/originals/6c/79/33/6c79331890024bc1a21b7aa430ab78d9.jpg
000149.jpg,http://www.daringtodo.com/wp-content/uploads/2014/11/6-ragdoll.jpg
000150.jpg,http://www.catsofaustralia.com/images/angeleyes-ragdoll-cat-16.jpg
000151.jpg,https://i.ytimg.com/vi/3y-ZJyGJDEY/maxresdefault.jpg
000152.jpg,http://prodimage.images-bn.com/pimages/9781941070819_p0_v1_s1200x630.jpg
000153.jpg,https://i.pinimg.com/originals/7b/01/65/7b01651c218c9d68436f403e1fdfa213.jpg
000154.jpg,https://i.pinimg.com/originals/56/b6/f1/56b6f1a7996ce1b2564513b0c1c9735c.jpg
000155.jpg,http://www.catsofaustralia.com/images/Ragdoll-Cat-c44.jpg
000156.jpg,https://s-media-cache-ak0.pinimg.com/564x/0c/b4/68/0cb4683a4a22c4706e3c46354db22f15.jpg
000157.jpg,http://osochicragdolls.co.uk/onewebmedia/Osochic ragdolls ragdoll kittens Devon 18.jpg
000158.jpg,https://s3-media2.fl.yelpcdn.com/bphoto/utFAmDPkJngoic5R-55YFw/o.jpg
000159.jpg,https://78.media.tumblr.com/cd93b102cd93f227de779f08128041ba/tumblr_oettkpQ2dz1rhrmq2o1_500.jpg
000160.jpg,https://img.xshoppy.shop/uploader/6b1f6bdb4f987eb38e647217f43f4b05349495c4.jpg
000161.jpg,https://img.xshoppy.shop/uploader/14784cf29c5d557eefcef9d2de14c2c452e2a154.jpg
000162.jpg,https://img.xshoppy.shop/uploader/b64922b18beae41e4110494b1bbfd020fb651f2c.jpg
000163.jpg,https://img.xshoppy.shop/uploader/1c85ab107387ee73cb7300577b983e6ca4053201.jpg
000164.jpg,https://cdn.fotofits.com/petzlover/gallery/img/l/ragdoll-882155.jpg
000165.jpg,https://img.xshoppy.shop/uploader/3301a32dd4e54556f95c5ebcba57524078a6ae43.jpg
000166.jpg,https://cdn.fotofits.com/petzlover/gallery/img/l/ragdoll-882156.jpg
000167.jpg,https://cdn.shopify.com/s/files/1/2127/8651/products/Ragdoll_20Cats_20_282_29_7984aaa4-7990-4432-bb1d-d8b9808b823c_x700.jpg
000168.jpg,https://www.hipershop.es/imágenes/Boufery/Boufery-Dibujos-Animados-Doraemon-Bouquet-Peluches,-Robot-Cat-Doll-Artificial-Flores-Falsas,-Regalo-de-cumpleanos-del-dia-de-San-Valentin-para-ninas-48cm-Azul-1717406010.jpg
000169.jpg,https://cdn.shopify.com/s/files/1/0084/8507/7092/products/Red-cat-matryoshka-Russian-doll_160x.jpg
000170.jpg,https://reviewtshirt.com/wp-content/uploads/2020/08/bath-soap-company-ragdoll-wash-your-paws-cat-vintage-2020-T-Shirt-1.jpg
000171.jpg,https://nekonuko.nuiteko.com/wp-content/uploads/2020/09/Funniest-Smart-Cat-Kittens-Escape-GIANT-MAZE-Labyrinth-Wheres-The-Exit-Funny-Cat-Videos.jpg
000172.jpg,https://animalpath.org/wp-content/uploads/2020/09/Ragdoll-vs-Maine-Coon.jpg
000173.jpg,http://cdn.shopify.com/s/files/1/0084/8507/7092/products/Animals-nesting-dolls_aa52c282-37c2-48cc-a7c3-861f43858d71_1200x1200.jpg
000174.jpg,https://cdn.shopify.com/s/files/1/0084/8507/7092/products/Cat-nesting-dolls-Russian-matryoshka_650x.jpg
000175.jpg,https://www.rescuepets.com.au/app/uploads/1/3300e35dd8cfc0677cde78f3d60237edf3c59cab073c6ebdb1e8b6f9627f67f4.jpg
000176.jpg,https://animalpath.org/wp-content/uploads/2020/08/Best-Cat-Breed-For-Busy-Family.jpg
000177.jpg,https://animalpath.org/wp-content/uploads/2020/08/Why-Does-My-Cat-Want-Me-to-Watch-Him-Eat.jpg
000178.jpg,https://res.cloudinary.com/petrescue/image/upload/h_638,w_638,c_pad,q_auto:best,f_auto/v1599099406/thogb5bupxpy5bzsyfna.jpg
000179.jpg,https://freeamigurumi.blogkb.com/wp-content/uploads/2020/09/Marilyn-Kitten-Doll-Amigurumi-Free-Pattern8-1024x1024.jpg
000180.jpg,https://res.cloudinary.com/petrescue/image/upload/h_638,w_638,c_pad,q_auto:best,f_auto/v1599099414/wbhi7qqmswttdfbezklp.jpg
000181.jpg,https://freeamigurumi.blogkb.com/wp-content/uploads/2020/09/Marilyn-Kitten-Doll-Amigurumi-Free-Pattern.jpg
000182.jpg,https://www.grellyimg.com/d/l400/pict/154052013228_/monster-high-doll-were-cat-werecat-twins-meowlody-purrsephone-scooter-lot-rare.jpg
000183.jpg,https://animalpath.org/wp-content/uploads/2020/09/How-Long-Does-Laxatone-For-Cats-Take-To-Work.jpg
000184.jpg,https://www.rescuepets.com.au/app/uploads/1/406571102edddb0f10f618e297e52c67443f21905d10efdf4387ed674471a7e7.jpg
000185.jpg,https://animalpath.org/wp-content/uploads/2020/08/What-Do-Cats-Think-About.jpg
000186.jpg,https://petclassifieds.com/wp-content/uploads/2020/08/20200824_071520-scaled.jpg
000187.jpg,https://animalpath.org/wp-content/uploads/2020/09/Is-Diatomaceous-Earth-Safe-For-Kittens.jpg
000188.jpg,https://www.briangodwin.co.uk/media/catalog/product/cache/1/small_image/1350x900/9df78eab33525d08d6e5fb8d27136e95/0/7/0757181057_1366057_VNM1JP.jpg
000189.jpg,https://gokitty.com/uploads/kitten_photo/medium/5f52af4366455-20200903_114050--1-.jpg
000190.jpg,https://www.saltoftheart.net/wp-content/uploads/2020/03/rag-doll-cat-magnet-gift-for-himalyan-cat-lovers-or-cat-loss-memorial-cute-cat-animal-magnets-for-car-locker-or-fridge-5e7bdcd8-scaled.jpg
000191.jpg,https://www.saltoftheart.net/wp-content/uploads/2020/03/rag-doll-cat-magnet-gift-for-himalyan-cat-lovers-or-cat-loss-memorial-cute-cat-animal-magnets-for-car-locker-or-fridge-5e7bdcd5-scaled.jpg
000192.jpg,https://www.saltoftheart.net/wp-content/uploads/2020/03/rag-doll-cat-magnet-gift-for-himalyan-cat-lovers-or-cat-loss-memorial-cute-cat-animal-magnets-for-car-locker-or-fridge-5e7bdcca-scaled.jpg
000193.jpg,https://pbs.twimg.com/media/Eg56r-JWsAAHDbs.jpg
000194.jpg,http://shop.r10s.jp/drescco/cabinet/dolk/07463861/103157/item_img103157_top.jpg
000195.jpg,https://www.saltoftheart.net/wp-content/uploads/2020/03/rag-doll-cat-magnet-gift-for-himalyan-cat-lovers-or-cat-loss-memorial-cute-cat-animal-magnets-for-car-locker-or-fridge-5e7bdcd0-scaled.jpg
000196.jpg,https://www.saltoftheart.net/wp-content/uploads/2020/03/rag-doll-cat-magnet-gift-for-himalyan-cat-lovers-or-cat-loss-memorial-cute-cat-animal-magnets-for-car-locker-or-fridge-5e7bdccd-scaled.jpg
000197.jpg,https://www.kittens-tekoop.nl/wp-content/uploads/2020/08/991778-500x375.jpg
000198.jpg,https://www.casutacujucarii.ro/image/cache/catalog/kindergenio/s/files/1/0149/0210/0016/products/0171709-615x615.jpg
000199.jpg,https://freeamigurumi.blogkb.com/wp-content/uploads/2020/09/Flora-Fox-Doll-Amigurumi-Free-Pattern8.jpg
000200.jpg,https://cdn.shopify.com/s/files/1/1180/1688/products/IMG_7504-Copy_1024x1024.jpg
000201.jpg,https://da1urhpfd469z.cloudfront.net/uploads/advertphotos/20/0904/42668342-397-640x853.jpg
